0;637546406251222674
0;637546406251422370
0;637546406251625516
0;637546406251822490
0;637546406252022454
0;637546406252222822
0;637546406252422528
0;637546406252644870
0;637546406252822996
0;637546406253022532
0;637546406253222280
0;637546406253422570
0;637546406253622606
0;637546406253822338
0;637546406254022440
0;637546406254225020
0;637546406254444852
0;637546406254622642
0;637546406254822650
0;637546406255022498
0;637546406255222688
0;637546406255422352
0;637546406255622490
0;637546406255822656
0;637546406256022456
0;637546406256222456
0;637546406256422560
0;637546406256622490
0;637546406256825184
0;637546406257062828
0;637546406257243158
0;637546406257422564
0;637546406257622418
0;637546406257825602
0;637546406258045502
0;637546406258222752
0;637546406258422404
0;637546406258622408
0;637546406258822642
0;637546406259022374
0;637546406259222394
0;637546406259422452
0;637546406259623018
0;637546406259822774
0;637546406260022814
0;637546406260223184
0;637546406260422800
0;637546406260623010
0;637546406260822942
0;637546406261025630
0;637546406261245266
0;637546406261422328
0;637546406261622276
0;637546406261822388
0;637546406262022374
0;637546406262222518
0;637546406262422362
0;637546406262622294
0;637546406262822394
0;637546406263022522
0;637546406263222720
0;637546406263422528
0;637546406263622698
0;637546406263822374
0;637546406264022286
0;637546406264222496
0;637546406264422496
0;637546406264623032
0;637546406264822554
0;637546406265022428
0;637546406265222154
0;637546406265422380
0;637546406265622468
0;637546406265822344
0;637546406266022334
0;637546406266222702
0;637546406266422394
0;637546406266622276
0;637546406266822398
0;637546406267022466
0;637546406267222490
0;637546406267422348
0;637546406267622284
0;637546406267823236
0;637546406268022464
0;637546406268222862
0;637546406268422424
0;637546406268622244
0;637546406268822374
0;637546406269022448
0;637546406269222584
0;637546406269422476
0;637546406269622574
0;637546406269822330
0;637546406270022426
0;637546406270222734
0;637546406270422420
0;637546406270622274
0;637546406270822582
0;637546406271022288
0;637546406271022288
0;637546406271222132
0;637546406271422544
0;637546406271622272
0;637546406271822400
0;637546406272022560
0;637546406272222560
0;637546406272463068
0;637546406272645380
0;637546406272823020
0;637546406273022696
0;637546406273222976
0;637546406273422518
0;637546406273622496
0;637546406273823112
0;637546406274022388
0;637546406274222810
0;637546406274422658
0;637546406274622714
0;637546406274822732
0;637546406275022726
0;637546406275222958
0;637546406275422608
0;637546406275622696
0;637546406275822580
0;637546406276022694
0;637546406276225666
0;637546406276422804
0;637546406276622860
0;637546406276822822
0;637546406277022810
0;637546406277222826
0;637546406277422904
0;637546406277622892
0;637546406277822816
0;637546406278022918
0;637546406278222888
0;637546406278422738
0;637546406278622854
0;637546406278822792
0;637546406279022774
0;637546406279222850
0;637546406279422810
0;637546406279622886
0;637546406279842796
0;637546406280040860
0;637546406280222798
0;637546406280422842
0;637546406280622944
0;637546406280822878
0;637546406281022952
0;637546406281223298
0;637546406281422728
0;637546406281622952
0;637546406281822746
0;637546406282023354
0;637546406282240912
0;637546406282422956
0;637546406282622970
0;637546406282823134
0;637546406283023112
0;637546406283222918
0;637546406283422976
0;637546406283622904
0;637546406283822844
0;637546406284045060
0;637546406284222734
0;637546406284422660
0;637546406284622876
0;637546406284822710
0;637546406285023070
0;637546406285222838
0;637546406285422760
0;637546406285622612
0;637546406285822658
0;637546406286022862
0;637546406286222722
0;637546406286422762
0;637546406286622650
0;637546406286822812
0;637546406287022820
0;637546406287222940
0;637546406287422716
0;637546406287622852
0;637546406287822694
0;637546406288022752
0;637546406288222964
0;637546406288422738
0;637546406288622758
0;637546406288823030
0;637546406289022626
0;637546406289222800
0;637546406289425868
0;637546406289623110
0;637546406289822826
0;637546406290022922
0;637546406290223200
0;637546406290423122
0;637546406290623112
0;637546406290823098
0;637546406291023056
0;637546406291023056
0;637546406291023056
0;637546406291224620
0;637546406291423008
0;637546406291640654
0;637546406291825804
0;637546406292025566
0;637546406292240400
0;637546406292425680
0;637546406292623314
0;637546406292823162
0;637546406293062840
0;637546406293222818
0;637546406293422506
0;637546406293622580
0;637546406293822474
0;637546406294022472
0;637546406294222574
0;637546406294422278
0;637546406294622490
0;637546406294822774
0;637546406295022404
0;637546406295222714
0;637546406295422452
0;637546406295622246
0;637546406295822392
0;637546406296022374
0;637546406296222816
0;637546406296422348
0;637546406296622382
0;637546406296822528
0;637546406297022528
0;637546406297222614
0;637546406297422510
0;637546406297622530
0;637546406297822480
0;637546406298022392
0;637546406298222646
0;637546406298422358
0;637546406298622256
0;637546406298822348
0;637546406299022494
0;637546406299222472
0;637546406299422408
0;637546406299622598
0;637546406299822342
0;637546406300022400
0;637546406300222470
0;637546406300422342
0;637546406300622416
0;637546406300822728
0;637546406301022396
0;637546406301222234
0;637546406301422362
0;637546406301642580
0;637546406301822342
0;637546406302022452
0;637546406302222826
0;637546406302422568
0;637546406302622828
0;637546406302842986
0;637546406303022528
0;637546406303222664
0;637546406303422508
0;637546406303622420
0;637546406303822628
0;637546406304045854
0;637546406304224730
0;637546406304442546
0;637546406304622558
0;637546406304822548
0;637546406305022544
0;637546406305222624
0;637546406305422742
0;637546406305622494
0;637546406305822236
0;637546406306022442
0;637546406306225504
0;637546406306422286
0;637546406306622288
0;637546406306825466
0;637546406307062712
0;637546406307223124
0;637546406307422864
0;637546406307622964
0;637546406307840386
0;637546406308045434
0;637546406308222646
0;637546406308422468
0;637546406308622540
0;637546406308822474
0;637546406309022432
0;637546406309222842
0;637546406309422428
0;637546406309622952
0;637546406309822816
0;637546406310022790
0;637546406310222874
0;637546406310422900
0;637546406310622944
0;637546406310822834
0;637546406311022880
0;637546406311022880
0;637546406311223044
0;637546406311422822
0;637546406311623108
0;637546406311822870
0;637546406312022876
0;637546406312222952
0;637546406312423052
0;637546406312622970
0;637546406312823042
0;637546406313022790
0;637546406313222880
0;637546406313423004
0;637546406313622932
0;637546406313822786
0;637546406314022800
0;637546406314223168
0;637546406314422886
0;637546406314625024
0;637546406314823006
0;637546406315022914
0;637546406315223002
0;637546406315422864
0;637546406315622944
0;637546406315822840
0;637546406316022858
0;637546406316222842
0;637546406316422860
0;637546406316622978
0;637546406316822954
0;637546406317022912
0;637546406317223360
0;637546406317422890
0;637546406317623060
0;637546406317822916
0;637546406318022852
0;637546406318223056
0;637546406318422788
0;637546406318622928
0;637546406318823128
0;637546406319022762
0;637546406319222786
0;637546406319422870
0;637546406319622890
0;637546406319822854
0;637546406320022854
0;637546406320223002
0;637546406320422838
0;637546406320622918
0;637546406320822868
0;637546406321022794
0;637546406321242602
0;637546406321422618
0;637546406321622388
0;637546406321822408
0;637546406322022400
0;637546406322222736
0;637546406322422600
0;637546406322622352
0;637546406322822630
0;637546406323022618
0;637546406323222664
0;637546406323422378
0;637546406323622226
0;637546406323822786
0;637546406324045718
0;637546406324222764
0;637546406324422426
0;637546406324622452
0;637546406324822882
0;637546406325022338
0;637546406325222278
0;637546406325422524
0;637546406325622274
0;637546406325822504
0;637546406326022442
0;637546406326222694
0;637546406326422432
0;637546406326622286
0;637546406326822494
0;637546406327022452
0;637546406327222592
0;637546406327422442
0;637546406327622330
0;637546406327822666
0;637546406328022454
0;637546406328222542
0;637546406328445274
0;637546406328622330
0;637546406328822496
0;637546406329022438
0;637546406329222568
0;637546406329422466
0;637546406329622286
0;637546406329843166
0;637546406330022356
0;637546406330222686
0;637546406330422506
0;637546406330622426
0;637546406330822704
0;637546406331022448
0;637546406331022448
0;637546406331222508
0;637546406331422450
0;637546406331622490
0;637546406331822362
0;637546406332040092
0;637546406332245752
0;637546406332422704
0;637546406332622314
0;637546406332822620
0;637546406333022470
0;637546406333222788
0;637546406333422480
0;637546406333622530
0;637546406333822530
0;637546406334022812
0;637546406334222636
0;637546406334422502
0;637546406334622566
0;637546406334822502
0;637546406335022506
0;637546406335222648
0;637546406335422388
0;637546406335622302
0;637546406335822412
0;637546406336022458
0;637546406336222720
0;637546406336422456
0;637546406336622402
0;637546406336822634
0;637546406337022340
0;637546406337222446
0;637546406337422610
0;637546406337622356
0;637546406337822314
0;637546406338022516
0;637546406338222790
0;637546406338422440
0;637546406338622914
0;637546406338822550
0;637546406339022438
0;637546406339222880
0;637546406339422428
0;637546406339622736
0;637546406339822472
0;637546406340022544
0;637546406340222496
0;637546406340422570
0;637546406340622394
0;637546406340822608
0;637546406341022446
0;637546406341222766
0;637546406341422356
0;637546406341622552
0;637546406341822494
0;637546406342022516
0;637546406342222750
0;637546406342422536
0;637546406342642446
0;637546406342840266
0;637546406343065364
0;637546406343242688
0;637546406343425424
0;637546406343625266
0;637546406343822976
0;637546406344025634
0;637546406344223008
0;637546406344422570
0;637546406344622822
0;637546406344822578
0;637546406345022468
0;637546406345222692
0;637546406345422620
0;637546406345622266
0;637546406345822672
0;637546406346022508
0;637546406346222534
0;637546406346422624
0;637546406346622388
0;637546406346822570
0;637546406347022532
0;637546406347222682
0;637546406347422530
0;637546406347622674
0;637546406347822352
0;637546406348022388
0;637546406348222756
0;637546406348422640
0;637546406348622470
0;637546406348822772
0;637546406349022634
0;637546406349222568
0;637546406349422736
0;637546406349622624
0;637546406349822406
0;637546406350022594
0;637546406350222562
0;637546406350422556
0;637546406350622484
0;637546406350822634
0;637546406351022430
0;637546406351022430
0;637546406351222746
0;637546406351422670
0;637546406351644864
0;637546406351822594
0;637546406352022336
0;637546406352222554
0;637546406352422762
0;637546406352622650
0;637546406352845026
0;637546406353023130
0;637546406353222992
0;637546406353423310
0;637546406353623074
0;637546406353822732
0;637546406354022782
0;637546406354225464
0;637546406354445700
0;637546406354622640
0;637546406354822740
0;637546406355022490
0;637546406355222508
0;637546406355422644
0;637546406355622378
0;637546406355822460
0;637546406356022506
0;637546406356222758
0;637546406356422494
0;637546406356622626
0;637546406356822634
0;637546406357045584
0;637546406357222900
0;637546406357422554
0;637546406357622328
0;637546406357825324
0;637546406358062186
0;637546406358222964
0;637546406358422802
0;637546406358622918
0;637546406358822942
0;637546406359022860
0;637546406359223016
0;637546406359422536
0;637546406359622686
0;637546406359822548
0;637546406360022480
0;637546406360222778
0;637546406360422478
0;637546406360622484
0;637546406360822844
0;637546406361042166
0;637546406361242182
0;637546406361422804
0;637546406361622766
0;637546406361822560
0;637546406362022720
0;637546406362222906
0;637546406362422600
0;637546406362623386
0;637546406362822790
0;637546406363022674
0;637546406363223098
0;637546406363422618
0;637546406363622970
0;637546406363822766
0;637546406364025364
0;637546406364222514
0;637546406364422496
0;637546406364622584
0;637546406364822722
0;637546406365022594
0;637546406365222604
0;637546406365422472
0;637546406365622594
0;637546406365822424
0;637546406366022480
0;637546406366222644
0;637546406366422468
0;637546406366622394
0;637546406366822656
0;637546406367022416
0;637546406367222554
0;637546406367422622
0;637546406367622440
0;637546406367822532
0;637546406368022468
0;637546406368222682
0;637546406368422412
0;637546406368622752
0;637546406368822534
0;637546406369022530
0;637546406369222584
0;637546406369422522
0;637546406369622760
0;637546406369822584
0;637546406370022414
0;637546406370222470
0;637546406370422380
0;637546406370622394
0;637546406370822572
0;637546406371022396
0;637546406371022396
0;637546406371022396
0;637546406371222704
0;637546406371422358
0;637546406371622574
0;637546406371822650
0;637546406372022458
0;637546406372222596
0;637546406372445674
0;637546406372642372
0;637546406372823190
0;637546406373022562
0;637546406373222724
0;637546406373422728
0;637546406373622656
0;637546406373822494
0;637546406374022626
0;637546406374222646
0;637546406374422574
0;637546406374622812
0;637546406374822642
0;637546406375022594
0;637546406375222694
0;637546406375422562
0;637546406375622676
0;637546406375822634
0;637546406376022506
0;637546406376222596
0;637546406376422646
0;637546406376622674
0;637546406376822720
0;637546406377022748
0;637546406377223002
0;637546406377422650
0;637546406377622736
0;637546406377822500
0;637546406378022608
0;637546406378222778
0;637546406378422728
0;637546406378622670
0;637546406378822906
0;637546406379022672
0;637546406379222644
0;637546406379422736
0;637546406379622710
0;637546406379842810
0;637546406380044816
0;637546406380223172
0;637546406380422824
0;637546406380622966
0;637546406380823186
0;637546406381022882
0;637546406381223018
0;637546406381422840
0;637546406381622878
0;637546406381822850
0;637546406382043242
0;637546406382245600
0;637546406382422648
0;637546406382622440
0;637546406382822444
0;637546406383022420
0;637546406383222518
0;637546406383422522
0;637546406383622292
0;637546406383822348
0;637546406384042280
0;637546406384223098
0;637546406384422888
0;637546406384622932
0;637546406384822854
0;637546406385023188
0;637546406385222848
0;637546406385422776
0;637546406385622786
0;637546406385822740
0;637546406386022752
0;637546406386222990
0;637546406386422786
0;637546406386622848
0;637546406386822894
0;637546406387022812
0;637546406387223106
0;637546406387422810
0;637546406387622900
0;637546406387822834
0;637546406388022776
0;637546406388222824
0;637546406388422802
0;637546406388622990
0;637546406388822914
0;637546406389022874
0;637546406389223082
0;637546406389442578
0;637546406389622772
0;637546406389823086
0;637546406390022522
0;637546406390222632
0;637546406390422496
0;637546406390622444
0;637546406390822682
0;637546406391022468
0;637546406391022468
0;637546406391222618
0;637546406391422576
0;637546406391622636
0;637546406391843076
0;637546406392022778
0;637546406392222686
0;637546406392422342
0;637546406392622394
0;637546406392822628
0;637546406393045260
0;637546406393225440
0;637546406393422926
0;637546406393642436
0;637546406393825748
0;637546406394025674
0;637546406394242216
0;637546406394425710
0;637546406394625244
0;637546406394822672
0;637546406395042604
0;637546406395222762
0;637546406395422470
0;637546406395622382
0;637546406395822328
0;637546406396022330
0;637546406396222624
0;637546406396422522
0;637546406396622544
0;637546406396822720
0;637546406397022566
0;637546406397222490
0;637546406397422518
0;637546406397622426
0;637546406397822292
0;637546406398022612
0;637546406398222750
0;637546406398422494
0;637546406398622386
0;637546406398822314
0;637546406399022476
0;637546406399222482
0;637546406399422482
0;637546406399622500
0;637546406399822518
0;637546406400022584
0;637546406400222404
0;637546406400422546
0;637546406400622336
0;637546406400822490
0;637546406401022506
0;637546406401222618
0;637546406401422470
0;637546406401625076
0;637546406401822514
0;637546406402022458
0;637546406402222744
0;637546406402422628
0;637546406402622296
0;637546406402845644
0;637546406403024800
0;637546406403222712
0;637546406403422990
0;637546406403622766
0;637546406403822634
0;637546406404042630
0;637546406404240794
0;637546406404445374
0;637546406404622784
0;637546406404822714
0;637546406405022428
0;637546406405222506
0;637546406405422472
0;637546406405622480
0;637546406405822682
0;637546406406022428
0;637546406406240864
0;637546406406422724
0;637546406406622714
0;637546406406822682
0;637546406407062566
0;637546406407222840
0;637546406407422704
0;637546406407622536
0;637546406407823184
0;637546406408062982
0;637546406408222752
0;637546406408422554
0;637546406408622480
0;637546406408822768
0;637546406409022418
0;637546406409222390
0;637546406409422528
0;637546406409622380
0;637546406409822376
0;637546406410022548
0;637546406410222580
0;637546406410422488
0;637546406410622356
0;637546406410822470
0;637546406411022516
0;637546406411022516
0;637546406411022516
0;637546406411222420
0;637546406411422492
0;637546406411622624
0;637546406411822612
0;637546406412022224
0;637546406412222630
0;637546406412422544
0;637546406412622842
0;637546406412822370
0;637546406413022516
0;637546406413222696
0;637546406413422480
0;637546406413622264
0;637546406413822268
0;637546406414022282
0;637546406414222428
0;637546406414422340
0;637546406414622598
0;637546406414822658
0;637546406415022498
0;637546406415222258
0;637546406415422328
0;637546406415622272
0;637546406415822328
0;637546406416022338
0;637546406416222774
0;637546406416422402
0;637546406416622574
0;637546406416822614
0;637546406417022388
0;637546406417222670
0;637546406417422428
0;637546406417622586
0;637546406417822556
0;637546406418022494
0;637546406418222416
0;637546406418422410
0;637546406418622488
0;637546406418822572
0;637546406419022510
0;637546406419222724
0;637546406419422428
0;637546406419622638
0;637546406419822478
0;637546406420022376
0;637546406420222562
0;637546406420422518
0;637546406420622570
0;637546406420822826
0;637546406421022440
0;637546406421242104
0;637546406421422802
0;637546406421622714
0;637546406421823082
0;637546406422022830
0;637546406422222924
0;637546406422422568
0;637546406422622810
0;637546406422823070
0;637546406423022664
0;637546406423222740
0;637546406423422602
0;637546406423622644
0;637546406423822754
0;637546406424022682
0;637546406424222476
0;637546406424422622
0;637546406424622658
0;637546406424822466
0;637546406425022560
0;637546406425222582
0;637546406425422360
0;637546406425622442
0;637546406425822354
0;637546406426022450
0;637546406426222586
0;637546406426422390
0;637546406426622240
0;637546406426822698
0;637546406427022476
0;637546406427222624
0;637546406427422722
0;637546406427622444
0;637546406427822416
0;637546406428022504
0;637546406428222506
0;637546406428422532
0;637546406428622550
0;637546406428822730
0;637546406429022446
0;637546406429222466
0;637546406429422528
0;637546406429622584
0;637546406429822366
0;637546406430022452
0;637546406430222352
0;637546406430422352
0;637546406430622280
0;637546406430822386
0;637546406431022522
0;637546406431022522
0;637546406431222530
0;637546406431422510
0;637546406431622636
0;637546406431822558
0;637546406432042596
0;637546406432245786
0;637546406432422550
0;637546406432622440
0;637546406432822760
0;637546406433025338
0;637546406433222322
0;637546406433422542
0;637546406433622494
0;637546406433822362
0;637546406434022350
0;637546406434222656
0;637546406434422340
0;637546406434622648
0;637546406434822578
0;637546406435022492
0;637546406435222664
0;637546406435422516
0;637546406435622208
0;637546406435822606
0;637546406436022508
0;637546406436222186
0;637546406436422496
0;637546406436622530
0;637546406436822484
0;637546406437025562
0;637546406437223014
0;637546406437422586
0;637546406437622556
0;637546406437822508
0;637546406438022430
0;637546406438222610
0;637546406438422534
0;637546406438622810
0;637546406438822732
0;637546406439022464
0;637546406439222378
0;637546406439422734
0;637546406439622554
0;637546406439822506
0;637546406440022564
0;637546406440222694
0;637546406440422524
0;637546406440622346
0;637546406440822694
0;637546406441022592
0;637546406441222914
0;637546406441422520
0;637546406441622456
0;637546406441822560
0;637546406442022374
0;637546406442240754
0;637546406442422556
0;637546406442622296
0;637546406442822562
0;637546406443045430
0;637546406443223328
0;637546406443422596
0;637546406443622784
0;637546406443822580
0;637546406444022468
0;637546406444263118
0;637546406444422446
0;637546406444622414
0;637546406444825094
0;637546406445025130
0;637546406445225176
0;637546406445425182
0;637546406445625090
0;637546406445822504
0;637546406446022636
0;637546406446222778
0;637546406446422400
0;637546406446622636
0;637546406446822608
0;637546406447022574
0;637546406447222686
0;637546406447422564
0;637546406447622516
0;637546406447822574
0;637546406448022518
0;637546406448222596
0;637546406448422664
0;637546406448622442
0;637546406448822494
0;637546406449022484
0;637546406449222624
0;637546406449422428
0;637546406449622708
0;637546406449822312
0;637546406450022416
0;637546406450222648
0;637546406450422638
0;637546406450622534
0;637546406450822708
0;637546406451022468
0;637546406451222656
0;637546406451423130
0;637546406451622680
0;637546406451822514
0;637546406452022778
0;637546406452222676
0;637546406452422554
0;637546406452622784
0;637546406452825280
0;637546406453045494
0;637546406453223028
0;637546406453422766
0;637546406453622894
0;637546406453822794
0;637546406454022730
0;637546406454225796
0;637546406454462874
0;637546406454623146
0;637546406454822912
0;637546406455022984
0;637546406455222958
0;637546406455423034
0;637546406455622938
0;637546406455822840
0;637546406456022826
0;637546406456223096
0;637546406456422914
0;637546406456623160
0;637546406456823226
0;637546406457045074
0;637546406457240720
0;637546406457423298
0;637546406457624754
0;637546406457823144
0;637546406458060894
0;637546406458223162
0;637546406458422888
0;637546406458623188
0;637546406458822916
0;637546406459022880
0;637546406459223104
0;637546406459422602
0;637546406459622546
0;637546406459822530
0;637546406460022544
0;637546406460222340
0;637546406460422570
0;637546406460622706
0;637546406460822572
0;637546406461025210
0;637546406461242964
0;637546406461422492
0;637546406461622858
0;637546406461822494
0;637546406462022446
0;637546406462222666
0;637546406462422350
0;637546406462622342
0;637546406462822676
0;637546406463022430
0;637546406463222516
0;637546406463422544
0;637546406463622466
0;637546406463822542
0;637546406464022502
0;637546406464222714
0;637546406464422548
0;637546406464623210
0;637546406464822466
0;637546406465022482
0;637546406465222648
0;637546406465422502
0;637546406465622348
0;637546406465822598
0;637546406466022504
0;637546406466222508
0;637546406466422612
0;637546406466622812
0;637546406466822652
0;637546406467022596
0;637546406467222816
0;637546406467422506
0;637546406467622804
0;637546406467822608
0;637546406468022470
0;637546406468222758
0;637546406468422480
0;637546406468622408
0;637546406468822660
0;637546406469022362
0;637546406469222262
0;637546406469422554
0;637546406469622434
0;637546406469822506
0;637546406470022630
0;637546406470222722
0;637546406470422440
0;637546406470622684
0;637546406470822854
0;637546406471022386
0;637546406471222672
0;637546406471422324
0;637546406471622402
0;637546406471822738
0;637546406472022330
0;637546406472222484
0;637546406472443382
0;637546406472642700
0;637546406472822714
0;637546406473022726
0;637546406473222766
0;637546406473422646
0;637546406473622628
0;637546406473822548
0;637546406474022596
0;637546406474222856
0;637546406474422696
0;637546406474622840
0;637546406474822854
0;637546406475022680
0;637546406475222620
0;637546406475422714
0;637546406475622478
0;637546406475822486
0;637546406476022702
0;637546406476222840
0;637546406476422644
0;637546406476622708
0;637546406476822614
0;637546406477022698
0;637546406477222612
0;637546406477422866
0;637546406477622480
0;637546406477822854
0;637546406478022716
0;637546406478222506
0;637546406478422746
0;637546406478622714
0;637546406478822622
0;637546406479022810
0;637546406479222714
0;637546406479422686
0;637546406479622726
0;637546406479842682
0;637546406480045354
0;637546406480222838
0;637546406480422532
0;637546406480622494
0;637546406480822650
0;637546406481022522
0;637546406481222188
0;637546406481422694
0;637546406481622340
0;637546406481822472
0;637546406482043292
0;637546406482262902
0;637546406482422548
0;637546406482622536
0;637546406482822724
0;637546406483022862
0;637546406483222600
0;637546406483422430
0;637546406483622318
0;637546406483822772
0;637546406484022700
0;637546406484224820
0;637546406484422632
0;637546406484622564
0;637546406484822700
0;637546406485022736
0;637546406485222842
0;637546406485422592
0;637546406485622814
0;637546406485822638
0;637546406486022608
0;637546406486222784
0;637546406486422660
0;637546406486622670
0;637546406486822804
0;637546406487022670
0;637546406487222932
0;637546406487422760
0;637546406487622638
0;637546406487822544
0;637546406488022826
0;637546406488223184
0;637546406488422592
0;637546406488625292
0;637546406488822938
0;637546406489022890
0;637546406489225296
0;637546406489422958
0;637546406489622746
0;637546406489822612
0;637546406490022506
0;637546406490222612
0;637546406490422790
0;637546406490622608
0;637546406490822644
0;637546406491022644
0;637546406491222898
0;637546406491422604
0;637546406491622636
0;637546406491822596
0;637546406492022596
0;637546406492223148
0;637546406492422740
0;637546406492622482
0;637546406492822848
0;637546406493043298
0;637546406493223316
0;637546406493422598
0;637546406493622560
0;637546406493822486
0;637546406494022530
0;637546406494222584
0;637546406494422514
0;637546406494622784
0;637546406494822592
0;637546406495022474
0;637546406495222704
0;637546406495422462
0;637546406495622628
0;637546406495825116
0;637546406496025002
0;637546406496225302
0;637546406496425216
0;637546406496645256
0;637546406496822564
0;637546406497022474
0;637546406497222696
0;637546406497422428
0;637546406497622762
0;637546406497822452
0;637546406498022618
0;637546406498222720
0;637546406498422606
0;637546406498622580
0;637546406498822830
0;637546406499022522
0;637546406499222444
0;637546406499422586
0;637546406499622546
0;637546406499822448
0;637546406500022734
0;637546406500222800
0;637546406500422736
0;637546406500622714
0;637546406500822684
0;637546406501022558
0;637546406501222784
0;637546406501422778
0;637546406501622502
0;637546406501822812
0;637546406502022632
0;637546406502222548
0;637546406502424738
0;637546406502622706
0;637546406502824914
0;637546406503059912
0;637546406503222688
0;637546406503422722
0;637546406503622480
0;637546406503822476
0;637546406504022412
0;637546406504245856
0;637546406504445818
0;637546406504622790
0;637546406504822790
0;637546406505022404
0;637546406505222366
0;637546406505422608
0;637546406505622392
0;637546406505822386
0;637546406506022572
0;637546406506242300
0;637546406506422542
0;637546406506622786
0;637546406506822670
0;637546406507045136
0;637546406507240468
0;637546406507423136
0;637546406507623250
0;637546406507823386
0;637546406508045456
0;637546406508222570
0;637546406508422442
0;637546406508622522
0;637546406508822720
0;637546406509022570
0;637546406509222402
0;637546406509422476
0;637546406509622710
0;637546406509822444
0;637546406510022362
0;637546406510222210
0;637546406510422482
0;637546406510622394
0;637546406510822694
0;637546406511022430
0;637546406511222336
0;637546406511422720
0;637546406511622670
0;637546406511822540
0;637546406512022700
0;637546406512222700
0;637546406512422518
0;637546406512623178
0;637546406512822778
0;637546406513022644
0;637546406513222784
0;637546406513422518
0;637546406513622690
0;637546406513822756
0;637546406514022520
0;637546406514222510
0;637546406514422698
0;637546406514622574
0;637546406514822548
0;637546406515022630
0;637546406515222612
0;637546406515422500
0;637546406515622570
0;637546406515822490
0;637546406516022428
0;637546406516222568
0;637546406516422382
0;637546406516622370
0;637546406516822698
0;637546406517022362
0;637546406517222752
0;637546406517422462
0;637546406517622506
0;637546406517822544
0;637546406518022528
0;637546406518222682
0;637546406518422442
0;637546406518622558
0;637546406518822494
0;637546406519022362
0;637546406519222720
0;637546406519422434
0;637546406519622516
0;637546406519822560
0;637546406520022338
0;637546406520222394
0;637546406520422506
0;637546406520622348
0;637546406520822602
0;637546406521022490
0;637546406521245114
0;637546406521422952
0;637546406521623258
0;637546406521823234
0;637546406522022876
0;637546406522223138
0;637546406522422958
0;637546406522622916
0;637546406522824852
0;637546406523022950
0;637546406523223316
0;637546406523423058
0;637546406523622926
0;637546406523822786
0;637546406524023054
0;637546406524243258
0;637546406524422752
0;637546406524623014
0;637546406524822890
0;637546406525022624
0;637546406525223124
0;637546406525422814
0;637546406525622824
0;637546406525822966
0;637546406526022708
0;637546406526222710
0;637546406526422852
0;637546406526622772
0;637546406526822848
0;637546406527022892
0;637546406527223096
0;637546406527422774
0;637546406527622912
0;637546406527822788
0;637546406528022738
0;637546406528223104
0;637546406528422834
0;637546406528622758
0;637546406528822918
0;637546406529022612
0;637546406529222700
0;637546406529422856
0;637546406529622894
0;637546406529822530
0;637546406530022900
0;637546406530222778
0;637546406530422618
0;637546406530622794
0;637546406530822480
0;637546406531022748
0;637546406531222914
0;637546406531422598
0;637546406531622708
0;637546406531822772
0;637546406532042822
0;637546406532262726
0;637546406532422660
0;637546406532622414
0;637546406532822432
0;637546406533022452
0;637546406533222708
0;637546406533422524
0;637546406533622598
0;637546406533822436
0;637546406534022496
0;637546406534222688
0;637546406534422446
0;637546406534622660
0;637546406534822686
0;637546406535022522
0;637546406535222490
0;637546406535422378
0;637546406535622376
0;637546406535822392
0;637546406536022446
0;637546406536222662
0;637546406536422442
0;637546406536622696
0;637546406536822574
0;637546406537022442
0;637546406537222924
0;637546406537422586
0;637546406537640794
0;637546406537822582
0;637546406538022388
0;637546406538222644
0;637546406538422626
0;637546406538625544
0;637546406538822618
0;637546406539022490
0;637546406539222520
0;637546406539422370
0;637546406539622604
0;637546406539822442
0;637546406540022390
0;637546406540222660
0;637546406540422378
0;637546406540622542
0;637546406540822638
0;637546406541022386
0;637546406541222742
0;637546406541422572
0;637546406541622400
0;637546406541822520
0;637546406542022564
0;637546406542223120
0;637546406542422478
0;637546406542622592
0;637546406542822692
0;637546406543025184
0;637546406543245240
0;637546406543422880
0;637546406543622664
0;637546406543822926
0;637546406544022606
0;637546406544262794
0;637546406544422410
0;637546406544622416
0;637546406544822366
0;637546406545022454
0;637546406545222620
0;637546406545422542
0;637546406545622454
0;637546406545822392
0;637546406546022420
0;637546406546222554
0;637546406546422548
0;637546406546622326
0;637546406546825184
0;637546406547025184
0;637546406547225166
0;637546406547425178
0;637546406547625056
0;637546406547822998
0;637546406548022824
0;637546406548222780
0;637546406548422644
0;637546406548622702
0;637546406548822732
0;637546406549022682
0;637546406549222796
0;637546406549422532
0;637546406549622634
0;637546406549822648
0;637546406550022564
0;637546406550222582
0;637546406550423384
0;637546406550622356
0;637546406550822668
0;637546406551022608
0;637546406551222822
0;637546406551422708
0;637546406551622400
0;637546406551822646
0;637546406552022726
0;637546406552222622
0;637546406552422612
0;637546406552622582
0;637546406552825268
0;637546406553045824
0;637546406553223060
0;637546406553422796
0;637546406553622900
0;637546406553822918
0;637546406554022916
0;637546406554223216
0;637546406554462774
0;637546406554622746
0;637546406554822640
0;637546406555022462
0;637546406555222642
0;637546406555422478
0;637546406555622506
0;637546406555822424
0;637546406556022400
0;637546406556222222
0;637546406556422606
0;637546406556622324
0;637546406556822736
0;637546406557045546
0;637546406557263022
0;637546406557422544
0;637546406557622642
0;637546406557822546
0;637546406558043212
0;637546406558222768
0;637546406558422490
0;637546406558622554
0;637546406558822746
0;637546406559022352
0;637546406559222314
0;637546406559422330
0;637546406559622752
0;637546406559822492
0;637546406560022560
0;637546406560222726
0;637546406560422348
0;637546406560622938
0;637546406560822554
0;637546406561022372
0;637546406561242440
0;637546406561422642
0;637546406561622496
0;637546406561822594
0;637546406562022760
0;637546406562222784
0;637546406562422672
0;637546406562622368
0;637546406562822638
0;637546406563022702
0;637546406563222720
0;637546406563422570
0;637546406563622620
0;637546406563822432
0;637546406564022608
0;637546406564245482
0;637546406564422242
0;637546406564622540
0;637546406564822406
0;637546406565022274
0;637546406565222284
0;637546406565422360
0;637546406565622406
0;637546406565822300
0;637546406566022366
0;637546406566222580
0;637546406566422364
0;637546406566622710
0;637546406566822646
0;637546406567022326
0;637546406567222620
0;637546406567422464
0;637546406567622246
0;637546406567822524
0;637546406568022218
0;637546406568222498
0;637546406568422534
0;637546406568622394
0;637546406568822520
0;637546406569022482
0;637546406569222670
0;637546406569422476
0;637546406569622678
0;637546406569822778
0;637546406570022464
0;637546406570222688
0;637546406570422366
0;637546406570622434
0;637546406570822932
0;637546406571022480
