-1.88691792213376E-13;637546406251222674
-1.88691792213376E-13;637546406251422370
-1.88691792213376E-13;637546406251625516
-1.88691792213376E-13;637546406251822490
-1.88691792213376E-13;637546406252022454
-1.88691792213376E-13;637546406252222822
-1.88691792213376E-13;637546406252422528
-1.88691792213376E-13;637546406252644870
-1.88691792213376E-13;637546406252822996
-1.88691792213376E-13;637546406253022532
-1.88691792213376E-13;637546406253222280
-1.88691792213376E-13;637546406253422570
-1.88691792213376E-13;637546406253622606
-1.88691792213376E-13;637546406253822338
-1.88691792213376E-13;637546406254022440
-1.88691792213376E-13;637546406254225020
-1.88691792213376E-13;637546406254444852
-1.88691792213376E-13;637546406254622642
-1.88691792213376E-13;637546406254822650
-1.88691792213376E-13;637546406255022498
-1.88691792213376E-13;637546406255222688
-1.88691792213376E-13;637546406255422352
-1.88691792213376E-13;637546406255622490
-1.88691792213376E-13;637546406255822656
-1.88691792213376E-13;637546406256022456
-1.88691792213376E-13;637546406256222456
-1.88691792213376E-13;637546406256422560
-1.88691792213376E-13;637546406256622490
-1.88691792213376E-13;637546406256825184
-1.88691792213376E-13;637546406257062828
-1.88691792213376E-13;637546406257243158
-1.88691792213376E-13;637546406257422564
-1.88691792213376E-13;637546406257622418
-1.88691792213376E-13;637546406257825602
-1.88691792213376E-13;637546406258045502
-1.88691792213376E-13;637546406258222752
-1.88691792213376E-13;637546406258422404
-1.88691792213376E-13;637546406258622408
-1.88691792213376E-13;637546406258822642
-1.88691792213376E-13;637546406259022374
-1.88691792213376E-13;637546406259222394
-1.88691792213376E-13;637546406259422452
-1.88691792213376E-13;637546406259623018
-1.88691792213376E-13;637546406259822774
-1.88691792213376E-13;637546406260022814
-1.88691792213376E-13;637546406260223184
-1.88691792213376E-13;637546406260422800
-1.88691792213376E-13;637546406260623010
-1.88691792213376E-13;637546406260822942
-1.88691792213376E-13;637546406261025630
-1.88691792213376E-13;637546406261245266
-1.88691792213376E-13;637546406261422328
-1.88691792213376E-13;637546406261622276
-1.88691792213376E-13;637546406261822388
-1.88691792213376E-13;637546406262022374
-1.88691792213376E-13;637546406262222518
-1.88691792213376E-13;637546406262422362
-1.88691792213376E-13;637546406262622294
-1.88691792213376E-13;637546406262822394
-1.88691792213376E-13;637546406263022522
-1.88691792213376E-13;637546406263222720
-1.88691792213376E-13;637546406263422528
-1.88691792213376E-13;637546406263622698
-1.88691792213376E-13;637546406263822374
-1.88691792213376E-13;637546406264022286
-1.88691792213376E-13;637546406264222496
-1.88691792213376E-13;637546406264422496
-1.88691792213376E-13;637546406264623032
-1.88691792213376E-13;637546406264822554
-1.88691792213376E-13;637546406265022428
-1.88691792213376E-13;637546406265222154
-1.88691792213376E-13;637546406265422380
-1.88691792213376E-13;637546406265622468
-1.88691792213376E-13;637546406265822344
-1.88691792213376E-13;637546406266022334
-1.88691792213376E-13;637546406266222702
-1.88691792213376E-13;637546406266422394
-1.88691792213376E-13;637546406266622276
-1.88691792213376E-13;637546406266822398
-1.88691792213376E-13;637546406267022466
-1.88691792213376E-13;637546406267222490
-1.88691792213376E-13;637546406267422348
-1.88691792213376E-13;637546406267622284
-1.88691792213376E-13;637546406267823236
-1.88691792213376E-13;637546406268022464
-1.88691792213376E-13;637546406268222862
-1.88691792213376E-13;637546406268422424
-1.88691792213376E-13;637546406268622244
-1.88691792213376E-13;637546406268822374
-1.88691792213376E-13;637546406269022448
-1.88691792213376E-13;637546406269222584
-1.88691792213376E-13;637546406269422476
-1.88691792213376E-13;637546406269622574
-1.88691792213376E-13;637546406269822330
-1.88691792213376E-13;637546406270022426
-1.88691792213376E-13;637546406270222734
-1.88691792213376E-13;637546406270422420
-1.88691792213376E-13;637546406270622274
-1.88691792213376E-13;637546406270822582
-1.88691792213376E-13;637546406271022288
-1.88691792213376E-13;637546406271022288
-1.88691792213376E-13;637546406271222132
-1.88691792213376E-13;637546406271422544
-1.88691792213376E-13;637546406271622272
-1.88691792213376E-13;637546406271822400
-1.88691792213376E-13;637546406272022560
-1.88691792213376E-13;637546406272222560
-1.88691792213376E-13;637546406272463068
-1.88691792213376E-13;637546406272645380
-1.88691792213376E-13;637546406272823020
-1.88691792213376E-13;637546406273022696
-1.88691792213376E-13;637546406273222976
-1.88691792213376E-13;637546406273422518
-1.88691792213376E-13;637546406273622496
-1.88691792213376E-13;637546406273823112
-1.88691792213376E-13;637546406274022388
-1.88691792213376E-13;637546406274222810
-1.88691792213376E-13;637546406274422658
-1.88691792213376E-13;637546406274622714
-1.88691792213376E-13;637546406274822732
-1.88691792213376E-13;637546406275022726
-1.88691792213376E-13;637546406275222958
-1.88691792213376E-13;637546406275422608
-1.88691792213376E-13;637546406275622696
-1.88691792213376E-13;637546406275822580
-1.88691792213376E-13;637546406276022694
-1.88691792213376E-13;637546406276225666
-1.88691792213376E-13;637546406276422804
-1.88691792213376E-13;637546406276622860
-1.88691792213376E-13;637546406276822822
-1.88691792213376E-13;637546406277022810
-1.88691792213376E-13;637546406277222826
-1.88691792213376E-13;637546406277422904
-1.88691792213376E-13;637546406277622892
-1.88691792213376E-13;637546406277822816
-1.88691792213376E-13;637546406278022918
-1.88691792213376E-13;637546406278222888
-1.88691792213376E-13;637546406278422738
-1.88691792213376E-13;637546406278622854
-1.88691792213376E-13;637546406278822792
-1.88691792213376E-13;637546406279022774
-1.88691792213376E-13;637546406279222850
-1.88691792213376E-13;637546406279422810
-1.88691792213376E-13;637546406279622886
-1.88691792213376E-13;637546406279842796
-1.88691792213376E-13;637546406280040860
-1.88691792213376E-13;637546406280222798
-1.88691792213376E-13;637546406280422842
-1.88691792213376E-13;637546406280622944
-1.88691792213376E-13;637546406280822878
-1.88691792213376E-13;637546406281022952
-1.88691792213376E-13;637546406281223298
-1.88691792213376E-13;637546406281422728
-1.88691792213376E-13;637546406281622952
-1.88691792213376E-13;637546406281822746
-1.88691792213376E-13;637546406282023354
-1.88691792213376E-13;637546406282240912
-1.88691792213376E-13;637546406282422956
-1.88691792213376E-13;637546406282622970
-1.88691792213376E-13;637546406282823134
-1.88691792213376E-13;637546406283023112
-1.88691792213376E-13;637546406283222918
-1.88691792213376E-13;637546406283422976
-1.88691792213376E-13;637546406283622904
-1.88691792213376E-13;637546406283822844
-1.88691792213376E-13;637546406284045060
-1.88691792213376E-13;637546406284222734
-1.88691792213376E-13;637546406284422660
-1.88691792213376E-13;637546406284622876
-1.88691792213376E-13;637546406284822710
-1.88691792213376E-13;637546406285023070
-1.88691792213376E-13;637546406285222838
-1.88691792213376E-13;637546406285422760
-1.88691792213376E-13;637546406285622612
-1.88691792213376E-13;637546406285822658
-1.88691792213376E-13;637546406286022862
-1.88691792213376E-13;637546406286222722
-1.88691792213376E-13;637546406286422762
-1.88691792213376E-13;637546406286622650
-1.88691792213376E-13;637546406286822812
-1.88691792213376E-13;637546406287022820
-1.88691792213376E-13;637546406287222940
-1.88691792213376E-13;637546406287422716
-1.88691792213376E-13;637546406287622852
-1.88691792213376E-13;637546406287822694
-1.88691792213376E-13;637546406288022752
-1.88691792213376E-13;637546406288222964
-1.88691792213376E-13;637546406288422738
-1.88691792213376E-13;637546406288622758
-1.88691792213376E-13;637546406288823030
-1.88691792213376E-13;637546406289022626
-1.88691792213376E-13;637546406289222800
-1.88691792213376E-13;637546406289425868
-1.88691792213376E-13;637546406289623110
-1.88691792213376E-13;637546406289822826
-1.88691792213376E-13;637546406290022922
-1.88691792213376E-13;637546406290223200
-1.88691792213376E-13;637546406290423122
-1.88691792213376E-13;637546406290623112
-1.88691792213376E-13;637546406290823098
-1.88691792213376E-13;637546406291023056
-1.88691792213376E-13;637546406291023056
-1.88691792213376E-13;637546406291023056
-1.88691792213376E-13;637546406291224620
-1.88691792213376E-13;637546406291423008
-1.88691792213376E-13;637546406291640654
-1.88691792213376E-13;637546406291825804
-1.88691792213376E-13;637546406292025566
-1.88691792213376E-13;637546406292240400
-1.88691792213376E-13;637546406292425680
-1.88691792213376E-13;637546406292623314
-1.88691792213376E-13;637546406292823162
-1.88691792213376E-13;637546406293062840
-1.88691792213376E-13;637546406293222818
-1.88691792213376E-13;637546406293422506
-1.88691792213376E-13;637546406293622580
-1.88691792213376E-13;637546406293822474
-1.88691792213376E-13;637546406294022472
-1.88691792213376E-13;637546406294222574
-1.88691792213376E-13;637546406294422278
-1.88691792213376E-13;637546406294622490
-1.88691792213376E-13;637546406294822774
-1.88691792213376E-13;637546406295022404
-1.88691792213376E-13;637546406295222714
-1.88691792213376E-13;637546406295422452
-1.88691792213376E-13;637546406295622246
-1.88691792213376E-13;637546406295822392
-1.88691792213376E-13;637546406296022374
-1.88691792213376E-13;637546406296222816
-1.88691792213376E-13;637546406296422348
-1.88691792213376E-13;637546406296622382
-1.88691792213376E-13;637546406296822528
-1.88691792213376E-13;637546406297022528
-1.88691792213376E-13;637546406297222614
-1.88691792213376E-13;637546406297422510
-1.88691792213376E-13;637546406297622530
-1.88691792213376E-13;637546406297822480
-1.88691792213376E-13;637546406298022392
-1.88691792213376E-13;637546406298222646
-1.88691792213376E-13;637546406298422358
-1.88691792213376E-13;637546406298622256
-1.88691792213376E-13;637546406298822348
-1.88691792213376E-13;637546406299022494
-1.88691792213376E-13;637546406299222472
-1.88691792213376E-13;637546406299422408
-1.88691792213376E-13;637546406299622598
-1.88691792213376E-13;637546406299822342
-1.88691792213376E-13;637546406300022400
-1.88691792213376E-13;637546406300222470
-1.88691792213376E-13;637546406300422342
-1.88691792213376E-13;637546406300622416
-1.88691792213376E-13;637546406300822728
-1.88691792213376E-13;637546406301022396
-1.88691792213376E-13;637546406301222234
-1.88691792213376E-13;637546406301422362
-1.88691792213376E-13;637546406301642580
-1.88691792213376E-13;637546406301822342
-1.88691792213376E-13;637546406302022452
-1.88691792213376E-13;637546406302222826
-1.88691792213376E-13;637546406302422568
-1.88691792213376E-13;637546406302622828
-1.88691792213376E-13;637546406302842986
-1.88691792213376E-13;637546406303022528
-1.88691792213376E-13;637546406303222664
-1.88691792213376E-13;637546406303422508
-1.88691792213376E-13;637546406303622420
-1.88691792213376E-13;637546406303822628
-1.88691792213376E-13;637546406304045854
-1.88691792213376E-13;637546406304224730
-1.88691792213376E-13;637546406304442546
-1.88691792213376E-13;637546406304622558
-1.88691792213376E-13;637546406304822548
-1.88691792213376E-13;637546406305022544
-1.88691792213376E-13;637546406305222624
-1.88691792213376E-13;637546406305422742
-1.88691792213376E-13;637546406305622494
-1.88691792213376E-13;637546406305822236
-1.88691792213376E-13;637546406306022442
-1.88691792213376E-13;637546406306225504
-1.88691792213376E-13;637546406306422286
-1.88691792213376E-13;637546406306622288
-1.88691792213376E-13;637546406306825466
-1.88691792213376E-13;637546406307062712
-1.88691792213376E-13;637546406307223124
-1.88691792213376E-13;637546406307422864
-1.88691792213376E-13;637546406307622964
-1.88691792213376E-13;637546406307840386
-1.88691792213376E-13;637546406308045434
-1.88691792213376E-13;637546406308222646
-1.88691792213376E-13;637546406308422468
-1.88691792213376E-13;637546406308622540
-1.88691792213376E-13;637546406308822474
-1.88691792213376E-13;637546406309022432
-1.88691792213376E-13;637546406309222842
-1.88691792213376E-13;637546406309422428
-1.88691792213376E-13;637546406309622952
-1.88691792213376E-13;637546406309822816
-1.88691792213376E-13;637546406310022790
-1.88691792213376E-13;637546406310222874
-1.88691792213376E-13;637546406310422900
-1.88691792213376E-13;637546406310622944
-1.88691792213376E-13;637546406310822834
-1.88691792213376E-13;637546406311022880
-1.88691792213376E-13;637546406311022880
-1.88691792213376E-13;637546406311223044
-1.88691792213376E-13;637546406311422822
-1.88691792213376E-13;637546406311623108
-1.88691792213376E-13;637546406311822870
-1.88691792213376E-13;637546406312022876
-1.88691792213376E-13;637546406312222952
-1.88691792213376E-13;637546406312423052
-1.88691792213376E-13;637546406312622970
-1.88691792213376E-13;637546406312823042
-1.88691792213376E-13;637546406313022790
-1.88691792213376E-13;637546406313222880
-1.88691792213376E-13;637546406313423004
-1.88691792213376E-13;637546406313622932
-1.88691792213376E-13;637546406313822786
-1.88691792213376E-13;637546406314022800
-1.88691792213376E-13;637546406314223168
-1.88691792213376E-13;637546406314422886
-1.88691792213376E-13;637546406314625024
-1.88691792213376E-13;637546406314823006
-1.88691792213376E-13;637546406315022914
-1.88691792213376E-13;637546406315223002
-1.88691792213376E-13;637546406315422864
-1.88691792213376E-13;637546406315622944
-1.88691792213376E-13;637546406315822840
-1.88691792213376E-13;637546406316022858
-1.88691792213376E-13;637546406316222842
-1.88691792213376E-13;637546406316422860
-1.88691792213376E-13;637546406316622978
-1.88691792213376E-13;637546406316822954
-1.88691792213376E-13;637546406317022912
-1.88691792213376E-13;637546406317223360
-1.88691792213376E-13;637546406317422890
-1.88691792213376E-13;637546406317623060
-1.88691792213376E-13;637546406317822916
-1.88691792213376E-13;637546406318022852
-1.88691792213376E-13;637546406318223056
-1.88691792213376E-13;637546406318422788
-1.88691792213376E-13;637546406318622928
-1.88691792213376E-13;637546406318823128
-1.88691792213376E-13;637546406319022762
-1.88691792213376E-13;637546406319222786
-1.88691792213376E-13;637546406319422870
-1.88691792213376E-13;637546406319622890
-1.88691792213376E-13;637546406319822854
-1.88691792213376E-13;637546406320022854
-1.88691792213376E-13;637546406320223002
-1.88691792213376E-13;637546406320422838
-1.88691792213376E-13;637546406320622918
-1.88691792213376E-13;637546406320822868
-1.88691792213376E-13;637546406321022794
-1.88691792213376E-13;637546406321242602
-1.88691792213376E-13;637546406321422618
-1.88691792213376E-13;637546406321622388
-1.88691792213376E-13;637546406321822408
-1.88691792213376E-13;637546406322022400
-1.88691792213376E-13;637546406322222736
-1.88691792213376E-13;637546406322422600
-1.88691792213376E-13;637546406322622352
-1.88691792213376E-13;637546406322822630
-1.88691792213376E-13;637546406323022618
-1.88691792213376E-13;637546406323222664
-1.88691792213376E-13;637546406323422378
-1.88691792213376E-13;637546406323622226
-1.88691792213376E-13;637546406323822786
-1.88691792213376E-13;637546406324045718
-1.88691792213376E-13;637546406324222764
-1.88691792213376E-13;637546406324422426
-1.88691792213376E-13;637546406324622452
-1.88691792213376E-13;637546406324822882
-1.88691792213376E-13;637546406325022338
-1.88691792213376E-13;637546406325222278
-1.88691792213376E-13;637546406325422524
-1.88691792213376E-13;637546406325622274
-1.88691792213376E-13;637546406325822504
-1.88691792213376E-13;637546406326022442
-1.88691792213376E-13;637546406326222694
-1.88691792213376E-13;637546406326422432
-1.88691792213376E-13;637546406326622286
-1.88691792213376E-13;637546406326822494
-1.88691792213376E-13;637546406327022452
-1.88691792213376E-13;637546406327222592
-1.88691792213376E-13;637546406327422442
-1.88691792213376E-13;637546406327622330
-1.88691792213376E-13;637546406327822666
-1.88691792213376E-13;637546406328022454
-1.88691792213376E-13;637546406328222542
-1.88691792213376E-13;637546406328445274
-1.88691792213376E-13;637546406328622330
-1.88691792213376E-13;637546406328822496
-1.88691792213376E-13;637546406329022438
-1.88691792213376E-13;637546406329222568
-1.88691792213376E-13;637546406329422466
-1.88691792213376E-13;637546406329622286
-1.88691792213376E-13;637546406329843166
-1.88691792213376E-13;637546406330022356
-1.88691792213376E-13;637546406330222686
-1.88691792213376E-13;637546406330422506
-1.88691792213376E-13;637546406330622426
-1.88691792213376E-13;637546406330822704
-1.88691792213376E-13;637546406331022448
-1.88691792213376E-13;637546406331022448
-1.88691792213376E-13;637546406331222508
-1.88691792213376E-13;637546406331422450
-1.88691792213376E-13;637546406331622490
-1.88691792213376E-13;637546406331822362
-1.88691792213376E-13;637546406332040092
-1.88691792213376E-13;637546406332245752
-1.88691792213376E-13;637546406332422704
-1.88691792213376E-13;637546406332622314
-1.88691792213376E-13;637546406332822620
-1.88691792213376E-13;637546406333022470
-1.88691792213376E-13;637546406333222788
-1.88691792213376E-13;637546406333422480
-1.88691792213376E-13;637546406333622530
-1.88691792213376E-13;637546406333822530
-1.88691792213376E-13;637546406334022812
-1.88691792213376E-13;637546406334222636
-1.88691792213376E-13;637546406334422502
-1.88691792213376E-13;637546406334622566
-1.88691792213376E-13;637546406334822502
-1.88691792213376E-13;637546406335022506
-1.88691792213376E-13;637546406335222648
-1.88691792213376E-13;637546406335422388
-1.88691792213376E-13;637546406335622302
-1.88691792213376E-13;637546406335822412
-1.88691792213376E-13;637546406336022458
-1.88691792213376E-13;637546406336222720
-1.88691792213376E-13;637546406336422456
-1.88691792213376E-13;637546406336622402
-1.88691792213376E-13;637546406336822634
-1.88691792213376E-13;637546406337022340
-1.88691792213376E-13;637546406337222446
-1.88691792213376E-13;637546406337422610
-1.88691792213376E-13;637546406337622356
-1.88691792213376E-13;637546406337822314
-1.88691792213376E-13;637546406338022516
-1.88691792213376E-13;637546406338222790
-1.88691792213376E-13;637546406338422440
-1.88691792213376E-13;637546406338622914
-1.88691792213376E-13;637546406338822550
-1.88691792213376E-13;637546406339022438
-1.88691792213376E-13;637546406339222880
-1.88691792213376E-13;637546406339422428
-1.88691792213376E-13;637546406339622736
-1.88691792213376E-13;637546406339822472
-1.88691792213376E-13;637546406340022544
-1.88691792213376E-13;637546406340222496
-1.88691792213376E-13;637546406340422570
-1.88691792213376E-13;637546406340622394
-1.88691792213376E-13;637546406340822608
-1.88691792213376E-13;637546406341022446
-1.88691792213376E-13;637546406341222766
-1.88691792213376E-13;637546406341422356
-1.88691792213376E-13;637546406341622552
-1.88691792213376E-13;637546406341822494
-1.88691792213376E-13;637546406342022516
-1.88691792213376E-13;637546406342222750
-1.88691792213376E-13;637546406342422536
-1.88691792213376E-13;637546406342642446
-1.88691792213376E-13;637546406342840266
-1.88691792213376E-13;637546406343065364
-1.88691792213376E-13;637546406343242688
-1.88691792213376E-13;637546406343425424
-1.88691792213376E-13;637546406343625266
-1.88691792213376E-13;637546406343822976
-1.88691792213376E-13;637546406344025634
-1.88691792213376E-13;637546406344223008
-1.88691792213376E-13;637546406344422570
-1.88691792213376E-13;637546406344622822
-1.88691792213376E-13;637546406344822578
-1.88691792213376E-13;637546406345022468
-1.88691792213376E-13;637546406345222692
-1.88691792213376E-13;637546406345422620
-1.88691792213376E-13;637546406345622266
-1.88691792213376E-13;637546406345822672
-1.88691792213376E-13;637546406346022508
-1.88691792213376E-13;637546406346222534
-1.88691792213376E-13;637546406346422624
-1.88691792213376E-13;637546406346622388
-1.88691792213376E-13;637546406346822570
-1.88691792213376E-13;637546406347022532
-1.88691792213376E-13;637546406347222682
-1.88691792213376E-13;637546406347422530
-1.88691792213376E-13;637546406347622674
-1.88691792213376E-13;637546406347822352
-1.88691792213376E-13;637546406348022388
-1.88691792213376E-13;637546406348222756
-1.88691792213376E-13;637546406348422640
-1.88691792213376E-13;637546406348622470
-1.88691792213376E-13;637546406348822772
-1.88691792213376E-13;637546406349022634
-1.88691792213376E-13;637546406349222568
-1.88691792213376E-13;637546406349422736
-1.88691792213376E-13;637546406349622624
-1.88691792213376E-13;637546406349822406
-1.88691792213376E-13;637546406350022594
-1.88691792213376E-13;637546406350222562
-1.88691792213376E-13;637546406350422556
-1.88691792213376E-13;637546406350622484
-1.88691792213376E-13;637546406350822634
-1.88691792213376E-13;637546406351022430
-1.88691792213376E-13;637546406351022430
-1.88691792213376E-13;637546406351222746
-1.88691792213376E-13;637546406351422670
-1.88691792213376E-13;637546406351644864
-1.88691792213376E-13;637546406351822594
-1.88691792213376E-13;637546406352022336
-1.88691792213376E-13;637546406352222554
-1.88691792213376E-13;637546406352422762
-1.88691792213376E-13;637546406352622650
-1.88691792213376E-13;637546406352845026
-1.88691792213376E-13;637546406353023130
-1.88691792213376E-13;637546406353222992
-1.88691792213376E-13;637546406353423310
-1.88691792213376E-13;637546406353623074
-1.88691792213376E-13;637546406353822732
-1.88691792213376E-13;637546406354022782
-1.88691792213376E-13;637546406354225464
-1.88691792213376E-13;637546406354445700
-1.88691792213376E-13;637546406354622640
-1.88691792213376E-13;637546406354822740
-1.88691792213376E-13;637546406355022490
-1.88691792213376E-13;637546406355222508
-1.88691792213376E-13;637546406355422644
-1.88691792213376E-13;637546406355622378
-1.88691792213376E-13;637546406355822460
-1.88691792213376E-13;637546406356022506
-1.88691792213376E-13;637546406356222758
-1.88691792213376E-13;637546406356422494
-1.88691792213376E-13;637546406356622626
-1.88691792213376E-13;637546406356822634
-1.88691792213376E-13;637546406357045584
-1.88691792213376E-13;637546406357222900
-1.88691792213376E-13;637546406357422554
-1.88691792213376E-13;637546406357622328
-1.88691792213376E-13;637546406357825324
-1.88691792213376E-13;637546406358062186
-1.88691792213376E-13;637546406358222964
-1.88691792213376E-13;637546406358422802
-1.88691792213376E-13;637546406358622918
-1.88691792213376E-13;637546406358822942
-1.88691792213376E-13;637546406359022860
-1.88691792213376E-13;637546406359223016
-1.88691792213376E-13;637546406359422536
-1.88691792213376E-13;637546406359622686
-1.88691792213376E-13;637546406359822548
-1.88691792213376E-13;637546406360022480
-1.88691792213376E-13;637546406360222778
-1.88691792213376E-13;637546406360422478
-1.88691792213376E-13;637546406360622484
-1.88691792213376E-13;637546406360822844
-1.88691792213376E-13;637546406361042166
-1.88691792213376E-13;637546406361242182
-1.88691792213376E-13;637546406361422804
-1.88691792213376E-13;637546406361622766
-1.88691792213376E-13;637546406361822560
-1.88691792213376E-13;637546406362022720
-1.88691792213376E-13;637546406362222906
-1.88691792213376E-13;637546406362422600
-1.88691792213376E-13;637546406362623386
-1.88691792213376E-13;637546406362822790
-1.88691792213376E-13;637546406363022674
-1.88691792213376E-13;637546406363223098
-1.88691792213376E-13;637546406363422618
-1.88691792213376E-13;637546406363622970
-1.88691792213376E-13;637546406363822766
-1.88691792213376E-13;637546406364025364
-1.88691792213376E-13;637546406364222514
-1.88691792213376E-13;637546406364422496
-1.88691792213376E-13;637546406364622584
-1.88691792213376E-13;637546406364822722
-1.88691792213376E-13;637546406365022594
-1.88691792213376E-13;637546406365222604
-1.88691792213376E-13;637546406365422472
-1.88691792213376E-13;637546406365622594
-1.88691792213376E-13;637546406365822424
-1.88691792213376E-13;637546406366022480
-1.88691792213376E-13;637546406366222644
-1.88691792213376E-13;637546406366422468
-1.88691792213376E-13;637546406366622394
-1.88691792213376E-13;637546406366822656
-1.88691792213376E-13;637546406367022416
-1.88691792213376E-13;637546406367222554
-1.88691792213376E-13;637546406367422622
-1.88691792213376E-13;637546406367622440
-1.88691792213376E-13;637546406367822532
-1.88691792213376E-13;637546406368022468
-1.88691792213376E-13;637546406368222682
-1.88691792213376E-13;637546406368422412
-1.88691792213376E-13;637546406368622752
-1.88691792213376E-13;637546406368822534
-1.88691792213376E-13;637546406369022530
-1.88691792213376E-13;637546406369222584
-1.88691792213376E-13;637546406369422522
-1.88691792213376E-13;637546406369622760
-1.88691792213376E-13;637546406369822584
-1.88691792213376E-13;637546406370022414
-1.88691792213376E-13;637546406370222470
-1.88691792213376E-13;637546406370422380
-1.88691792213376E-13;637546406370622394
-1.88691792213376E-13;637546406370822572
-1.88691792213376E-13;637546406371022396
-1.88691792213376E-13;637546406371022396
-1.88691792213376E-13;637546406371022396
-1.88691792213376E-13;637546406371222704
-1.88691792213376E-13;637546406371422358
-1.88691792213376E-13;637546406371622574
-1.88691792213376E-13;637546406371822650
-1.88691792213376E-13;637546406372022458
-1.88691792213376E-13;637546406372222596
-1.88691792213376E-13;637546406372445674
-1.88691792213376E-13;637546406372642372
-1.88691792213376E-13;637546406372823190
-1.88691792213376E-13;637546406373022562
-1.88691792213376E-13;637546406373222724
-1.88691792213376E-13;637546406373422728
-1.88691792213376E-13;637546406373622656
-1.88691792213376E-13;637546406373822494
-1.88691792213376E-13;637546406374022626
-1.88691792213376E-13;637546406374222646
-1.88691792213376E-13;637546406374422574
-1.88691792213376E-13;637546406374622812
-1.88691792213376E-13;637546406374822642
-1.88691792213376E-13;637546406375022594
-1.88691792213376E-13;637546406375222694
-1.88691792213376E-13;637546406375422562
-1.88691792213376E-13;637546406375622676
-1.88691792213376E-13;637546406375822634
-1.88691792213376E-13;637546406376022506
-1.88691792213376E-13;637546406376222596
-1.88691792213376E-13;637546406376422646
-1.88691792213376E-13;637546406376622674
-1.88691792213376E-13;637546406376822720
-1.88691792213376E-13;637546406377022748
-1.88691792213376E-13;637546406377223002
-1.88691792213376E-13;637546406377422650
-1.88691792213376E-13;637546406377622736
-1.88691792213376E-13;637546406377822500
-1.88691792213376E-13;637546406378022608
-1.88691792213376E-13;637546406378222778
-1.88691792213376E-13;637546406378422728
-1.88691792213376E-13;637546406378622670
-1.88691792213376E-13;637546406378822906
-1.88691792213376E-13;637546406379022672
-1.88691792213376E-13;637546406379222644
-1.88691792213376E-13;637546406379422736
-1.88691792213376E-13;637546406379622710
-1.88691792213376E-13;637546406379842810
-1.88691792213376E-13;637546406380044816
-1.88691792213376E-13;637546406380223172
-1.88691792213376E-13;637546406380422824
-1.88691792213376E-13;637546406380622966
-1.88691792213376E-13;637546406380823186
-1.88691792213376E-13;637546406381022882
-1.88691792213376E-13;637546406381223018
-1.88691792213376E-13;637546406381422840
-1.88691792213376E-13;637546406381622878
-1.88691792213376E-13;637546406381822850
-1.88691792213376E-13;637546406382043242
-1.88691792213376E-13;637546406382245600
-1.88691792213376E-13;637546406382422648
-1.88691792213376E-13;637546406382622440
-1.88691792213376E-13;637546406382822444
-1.88691792213376E-13;637546406383022420
-1.88691792213376E-13;637546406383222518
-1.88691792213376E-13;637546406383422522
-1.88691792213376E-13;637546406383622292
-1.88691792213376E-13;637546406383822348
-1.88691792213376E-13;637546406384042280
-1.88691792213376E-13;637546406384223098
-1.88691792213376E-13;637546406384422888
-1.88691792213376E-13;637546406384622932
-1.88691792213376E-13;637546406384822854
-1.88691792213376E-13;637546406385023188
-1.88691792213376E-13;637546406385222848
-1.88691792213376E-13;637546406385422776
-1.88691792213376E-13;637546406385622786
-1.88691792213376E-13;637546406385822740
-1.88691792213376E-13;637546406386022752
-1.88691792213376E-13;637546406386222990
-1.88691792213376E-13;637546406386422786
-1.88691792213376E-13;637546406386622848
-1.88691792213376E-13;637546406386822894
-1.88691792213376E-13;637546406387022812
-1.88691792213376E-13;637546406387223106
-1.88691792213376E-13;637546406387422810
-1.88691792213376E-13;637546406387622900
-1.88691792213376E-13;637546406387822834
-1.88691792213376E-13;637546406388022776
-1.88691792213376E-13;637546406388222824
-1.88691792213376E-13;637546406388422802
-1.88691792213376E-13;637546406388622990
-1.88691792213376E-13;637546406388822914
-1.88691792213376E-13;637546406389022874
-1.88691792213376E-13;637546406389223082
-1.88691792213376E-13;637546406389442578
-1.88691792213376E-13;637546406389622772
-1.88691792213376E-13;637546406389823086
-1.88691792213376E-13;637546406390022522
-1.88691792213376E-13;637546406390222632
-1.88691792213376E-13;637546406390422496
-1.88691792213376E-13;637546406390622444
-1.88691792213376E-13;637546406390822682
-1.88691792213376E-13;637546406391022468
-1.88691792213376E-13;637546406391022468
-1.88691792213376E-13;637546406391222618
-1.88691792213376E-13;637546406391422576
-1.88691792213376E-13;637546406391622636
-1.88691792213376E-13;637546406391843076
-1.88691792213376E-13;637546406392022778
-1.88691792213376E-13;637546406392222686
-1.88691792213376E-13;637546406392422342
-1.88691792213376E-13;637546406392622394
-1.88691792213376E-13;637546406392822628
-1.88691792213376E-13;637546406393045260
-1.88691792213376E-13;637546406393225440
-1.88691792213376E-13;637546406393422926
-1.88691792213376E-13;637546406393642436
-1.88691792213376E-13;637546406393825748
-1.88691792213376E-13;637546406394025674
-1.88691792213376E-13;637546406394242216
-1.88691792213376E-13;637546406394425710
-1.88691792213376E-13;637546406394625244
-1.88691792213376E-13;637546406394822672
-1.88691792213376E-13;637546406395042604
-1.88691792213376E-13;637546406395222762
-1.88691792213376E-13;637546406395422470
-1.88691792213376E-13;637546406395622382
-1.88691792213376E-13;637546406395822328
-1.88691792213376E-13;637546406396022330
-1.88691792213376E-13;637546406396222624
-1.88691792213376E-13;637546406396422522
-1.88691792213376E-13;637546406396622544
-1.88691792213376E-13;637546406396822720
-1.88691792213376E-13;637546406397022566
-1.88691792213376E-13;637546406397222490
-1.88691792213376E-13;637546406397422518
-1.88691792213376E-13;637546406397622426
-1.88691792213376E-13;637546406397822292
-1.88691792213376E-13;637546406398022612
-1.88691792213376E-13;637546406398222750
-1.88691792213376E-13;637546406398422494
-1.88691792213376E-13;637546406398622386
-1.88691792213376E-13;637546406398822314
-1.88691792213376E-13;637546406399022476
-1.88691792213376E-13;637546406399222482
-1.88691792213376E-13;637546406399422482
-1.88691792213376E-13;637546406399622500
-1.88691792213376E-13;637546406399822518
-1.88691792213376E-13;637546406400022584
-1.88691792213376E-13;637546406400222404
-1.88691792213376E-13;637546406400422546
-1.88691792213376E-13;637546406400622336
-1.88691792213376E-13;637546406400822490
-1.88691792213376E-13;637546406401022506
-1.88691792213376E-13;637546406401222618
-1.88691792213376E-13;637546406401422470
-1.88691792213376E-13;637546406401625076
-1.88691792213376E-13;637546406401822514
-1.88691792213376E-13;637546406402022458
-1.88691792213376E-13;637546406402222744
-1.88691792213376E-13;637546406402422628
-1.88691792213376E-13;637546406402622296
-1.88691792213376E-13;637546406402845644
-1.88691792213376E-13;637546406403024800
-1.88691792213376E-13;637546406403222712
-1.88691792213376E-13;637546406403422990
-1.88691792213376E-13;637546406403622766
-1.88691792213376E-13;637546406403822634
-1.88691792213376E-13;637546406404042630
-1.88691792213376E-13;637546406404240794
-1.88691792213376E-13;637546406404445374
-1.88691792213376E-13;637546406404622784
-1.88691792213376E-13;637546406404822714
-1.88691792213376E-13;637546406405022428
-1.88691792213376E-13;637546406405222506
-1.88691792213376E-13;637546406405422472
-1.88691792213376E-13;637546406405622480
-1.88691792213376E-13;637546406405822682
-1.88691792213376E-13;637546406406022428
-1.88691792213376E-13;637546406406240864
-1.88691792213376E-13;637546406406422724
-1.88691792213376E-13;637546406406622714
-1.88691792213376E-13;637546406406822682
-1.88691792213376E-13;637546406407062566
-1.88691792213376E-13;637546406407222840
-1.88691792213376E-13;637546406407422704
-1.88691792213376E-13;637546406407622536
-1.88691792213376E-13;637546406407823184
-1.88691792213376E-13;637546406408062982
-1.88691792213376E-13;637546406408222752
-1.88691792213376E-13;637546406408422554
-1.88691792213376E-13;637546406408622480
-1.88691792213376E-13;637546406408822768
-1.88691792213376E-13;637546406409022418
-1.88691792213376E-13;637546406409222390
-1.88691792213376E-13;637546406409422528
-1.88691792213376E-13;637546406409622380
-1.88691792213376E-13;637546406409822376
-1.88691792213376E-13;637546406410022548
-1.88691792213376E-13;637546406410222580
-1.88691792213376E-13;637546406410422488
-1.88691792213376E-13;637546406410622356
-1.88691792213376E-13;637546406410822470
-1.88691792213376E-13;637546406411022516
-1.88691792213376E-13;637546406411022516
-1.88691792213376E-13;637546406411022516
-1.88691792213376E-13;637546406411222420
-1.88691792213376E-13;637546406411422492
-1.88691792213376E-13;637546406411622624
-1.88691792213376E-13;637546406411822612
-1.88691792213376E-13;637546406412022224
-1.88691792213376E-13;637546406412222630
-1.88691792213376E-13;637546406412422544
-1.88691792213376E-13;637546406412622842
-1.88691792213376E-13;637546406412822370
-1.88691792213376E-13;637546406413022516
-1.88691792213376E-13;637546406413222696
-1.88691792213376E-13;637546406413422480
-1.88691792213376E-13;637546406413622264
-1.88691792213376E-13;637546406413822268
-1.88691792213376E-13;637546406414022282
-1.88691792213376E-13;637546406414222428
-1.88691792213376E-13;637546406414422340
-1.88691792213376E-13;637546406414622598
-1.88691792213376E-13;637546406414822658
-1.88691792213376E-13;637546406415022498
-1.88691792213376E-13;637546406415222258
-1.88691792213376E-13;637546406415422328
-1.88691792213376E-13;637546406415622272
-1.88691792213376E-13;637546406415822328
-1.88691792213376E-13;637546406416022338
-1.88691792213376E-13;637546406416222774
-1.88691792213376E-13;637546406416422402
-1.88691792213376E-13;637546406416622574
-1.88691792213376E-13;637546406416822614
-1.88691792213376E-13;637546406417022388
-1.88691792213376E-13;637546406417222670
-1.88691792213376E-13;637546406417422428
-1.88691792213376E-13;637546406417622586
-1.88691792213376E-13;637546406417822556
-1.88691792213376E-13;637546406418022494
-1.88691792213376E-13;637546406418222416
-1.88691792213376E-13;637546406418422410
-1.88691792213376E-13;637546406418622488
-1.88691792213376E-13;637546406418822572
-1.88691792213376E-13;637546406419022510
-1.88691792213376E-13;637546406419222724
-1.88691792213376E-13;637546406419422428
-1.88691792213376E-13;637546406419622638
-1.88691792213376E-13;637546406419822478
-1.88691792213376E-13;637546406420022376
-1.88691792213376E-13;637546406420222562
-1.88691792213376E-13;637546406420422518
-1.88691792213376E-13;637546406420622570
-1.88691792213376E-13;637546406420822826
-1.88691792213376E-13;637546406421022440
-1.88691792213376E-13;637546406421242104
-1.88691792213376E-13;637546406421422802
-1.88691792213376E-13;637546406421622714
-1.88691792213376E-13;637546406421823082
-1.88691792213376E-13;637546406422022830
-1.88691792213376E-13;637546406422222924
-1.88691792213376E-13;637546406422422568
-1.88691792213376E-13;637546406422622810
-1.88691792213376E-13;637546406422823070
-1.88691792213376E-13;637546406423022664
-1.88691792213376E-13;637546406423222740
-1.88691792213376E-13;637546406423422602
-1.88691792213376E-13;637546406423622644
-1.88691792213376E-13;637546406423822754
-1.88691792213376E-13;637546406424022682
-1.88691792213376E-13;637546406424222476
-1.88691792213376E-13;637546406424422622
-1.88691792213376E-13;637546406424622658
-1.88691792213376E-13;637546406424822466
-1.88691792213376E-13;637546406425022560
-1.88691792213376E-13;637546406425222582
-1.88691792213376E-13;637546406425422360
-1.88691792213376E-13;637546406425622442
-1.88691792213376E-13;637546406425822354
-1.88691792213376E-13;637546406426022450
-1.88691792213376E-13;637546406426222586
-1.88691792213376E-13;637546406426422390
-1.88691792213376E-13;637546406426622240
-1.88691792213376E-13;637546406426822698
-1.88691792213376E-13;637546406427022476
-1.88691792213376E-13;637546406427222624
-1.88691792213376E-13;637546406427422722
-1.88691792213376E-13;637546406427622444
-1.88691792213376E-13;637546406427822416
-1.88691792213376E-13;637546406428022504
-1.88691792213376E-13;637546406428222506
-1.88691792213376E-13;637546406428422532
-1.88691792213376E-13;637546406428622550
-1.88691792213376E-13;637546406428822730
-1.88691792213376E-13;637546406429022446
-1.88691792213376E-13;637546406429222466
-1.88691792213376E-13;637546406429422528
-1.88691792213376E-13;637546406429622584
-1.88691792213376E-13;637546406429822366
-1.88691792213376E-13;637546406430022452
-1.88691792213376E-13;637546406430222352
-1.88691792213376E-13;637546406430422352
-1.88691792213376E-13;637546406430622280
-1.88691792213376E-13;637546406430822386
-1.88691792213376E-13;637546406431022522
-1.88691792213376E-13;637546406431022522
-1.88691792213376E-13;637546406431222530
-1.88691792213376E-13;637546406431422510
-1.88691792213376E-13;637546406431622636
-1.88691792213376E-13;637546406431822558
-1.88691792213376E-13;637546406432042596
-1.88691792213376E-13;637546406432245786
-1.88691792213376E-13;637546406432422550
-1.88691792213376E-13;637546406432622440
-1.88691792213376E-13;637546406432822760
-1.88691792213376E-13;637546406433025338
-1.88691792213376E-13;637546406433222322
-1.88691792213376E-13;637546406433422542
-1.88691792213376E-13;637546406433622494
-1.88691792213376E-13;637546406433822362
-1.88691792213376E-13;637546406434022350
-1.88691792213376E-13;637546406434222656
-1.88691792213376E-13;637546406434422340
-1.88691792213376E-13;637546406434622648
-1.88691792213376E-13;637546406434822578
-1.88691792213376E-13;637546406435022492
-1.88691792213376E-13;637546406435222664
-1.88691792213376E-13;637546406435422516
-1.88691792213376E-13;637546406435622208
-1.88691792213376E-13;637546406435822606
-1.88691792213376E-13;637546406436022508
-1.88691792213376E-13;637546406436222186
-1.88691792213376E-13;637546406436422496
-1.88691792213376E-13;637546406436622530
-1.88691792213376E-13;637546406436822484
-1.88691792213376E-13;637546406437025562
-1.88691792213376E-13;637546406437223014
-1.88691792213376E-13;637546406437422586
-1.88691792213376E-13;637546406437622556
-1.88691792213376E-13;637546406437822508
-1.88691792213376E-13;637546406438022430
-1.88691792213376E-13;637546406438222610
-1.88691792213376E-13;637546406438422534
-1.88691792213376E-13;637546406438622810
-1.88691792213376E-13;637546406438822732
-1.88691792213376E-13;637546406439022464
-1.88691792213376E-13;637546406439222378
-1.88691792213376E-13;637546406439422734
-1.88691792213376E-13;637546406439622554
-1.88691792213376E-13;637546406439822506
-1.88691792213376E-13;637546406440022564
-1.88691792213376E-13;637546406440222694
-1.88691792213376E-13;637546406440422524
-1.88691792213376E-13;637546406440622346
-1.88691792213376E-13;637546406440822694
-1.88691792213376E-13;637546406441022592
-1.88691792213376E-13;637546406441222914
-1.88691792213376E-13;637546406441422520
-1.88691792213376E-13;637546406441622456
-1.88691792213376E-13;637546406441822560
-1.88691792213376E-13;637546406442022374
-1.88691792213376E-13;637546406442240754
-1.88691792213376E-13;637546406442422556
-1.88691792213376E-13;637546406442622296
-1.88691792213376E-13;637546406442822562
-1.88691792213376E-13;637546406443045430
-1.88691792213376E-13;637546406443223328
-1.88691792213376E-13;637546406443422596
-1.88691792213376E-13;637546406443622784
-1.88691792213376E-13;637546406443822580
-1.88691792213376E-13;637546406444022468
-1.88691792213376E-13;637546406444263118
-1.88691792213376E-13;637546406444422446
-1.88691792213376E-13;637546406444622414
-1.88691792213376E-13;637546406444825094
-1.88691792213376E-13;637546406445025130
-1.88691792213376E-13;637546406445225176
-1.88691792213376E-13;637546406445425182
-1.88691792213376E-13;637546406445625090
-1.88691792213376E-13;637546406445822504
-1.88691792213376E-13;637546406446022636
-1.88691792213376E-13;637546406446222778
-1.88691792213376E-13;637546406446422400
-1.88691792213376E-13;637546406446622636
-1.88691792213376E-13;637546406446822608
-1.88691792213376E-13;637546406447022574
-1.88691792213376E-13;637546406447222686
-1.88691792213376E-13;637546406447422564
-1.88691792213376E-13;637546406447622516
-1.88691792213376E-13;637546406447822574
-1.88691792213376E-13;637546406448022518
-1.88691792213376E-13;637546406448222596
-1.88691792213376E-13;637546406448422664
-1.88691792213376E-13;637546406448622442
-1.88691792213376E-13;637546406448822494
-1.88691792213376E-13;637546406449022484
-1.88691792213376E-13;637546406449222624
-1.88691792213376E-13;637546406449422428
-1.88691792213376E-13;637546406449622708
-1.88691792213376E-13;637546406449822312
-1.88691792213376E-13;637546406450022416
-1.88691792213376E-13;637546406450222648
-1.88691792213376E-13;637546406450422638
-1.88691792213376E-13;637546406450622534
-1.88691792213376E-13;637546406450822708
-1.88691792213376E-13;637546406451022468
-1.88691792213376E-13;637546406451222656
-1.88691792213376E-13;637546406451423130
-1.88691792213376E-13;637546406451622680
-1.88691792213376E-13;637546406451822514
-1.88691792213376E-13;637546406452022778
-1.88691792213376E-13;637546406452222676
-1.88691792213376E-13;637546406452422554
-1.88691792213376E-13;637546406452622784
-1.88691792213376E-13;637546406452825280
-1.88691792213376E-13;637546406453045494
-1.88691792213376E-13;637546406453223028
-1.88691792213376E-13;637546406453422766
-1.88691792213376E-13;637546406453622894
-1.88691792213376E-13;637546406453822794
-1.88691792213376E-13;637546406454022730
-1.88691792213376E-13;637546406454225796
-1.88691792213376E-13;637546406454462874
-1.88691792213376E-13;637546406454623146
-1.88691792213376E-13;637546406454822912
-1.88691792213376E-13;637546406455022984
-1.88691792213376E-13;637546406455222958
-1.88691792213376E-13;637546406455423034
-1.88691792213376E-13;637546406455622938
-1.88691792213376E-13;637546406455822840
-1.88691792213376E-13;637546406456022826
-1.88691792213376E-13;637546406456223096
-1.88691792213376E-13;637546406456422914
-1.88691792213376E-13;637546406456623160
-1.88691792213376E-13;637546406456823226
-1.88691792213376E-13;637546406457045074
-1.88691792213376E-13;637546406457240720
-1.88691792213376E-13;637546406457423298
-1.88691792213376E-13;637546406457624754
-1.88691792213376E-13;637546406457823144
-1.88691792213376E-13;637546406458060894
-1.88691792213376E-13;637546406458223162
-1.88691792213376E-13;637546406458422888
-1.88691792213376E-13;637546406458623188
-1.88691792213376E-13;637546406458822916
-1.88691792213376E-13;637546406459022880
-1.88691792213376E-13;637546406459223104
-1.88691792213376E-13;637546406459422602
-1.88691792213376E-13;637546406459622546
-1.88691792213376E-13;637546406459822530
-1.88691792213376E-13;637546406460022544
-1.88691792213376E-13;637546406460222340
-1.88691792213376E-13;637546406460422570
-1.88691792213376E-13;637546406460622706
-1.88691792213376E-13;637546406460822572
-1.88691792213376E-13;637546406461025210
-1.88691792213376E-13;637546406461242964
-1.88691792213376E-13;637546406461422492
-1.88691792213376E-13;637546406461622858
-1.88691792213376E-13;637546406461822494
-1.88691792213376E-13;637546406462022446
-1.88691792213376E-13;637546406462222666
-1.88691792213376E-13;637546406462422350
-1.88691792213376E-13;637546406462622342
-1.88691792213376E-13;637546406462822676
-1.88691792213376E-13;637546406463022430
-1.88691792213376E-13;637546406463222516
-1.88691792213376E-13;637546406463422544
-1.88691792213376E-13;637546406463622466
-1.88691792213376E-13;637546406463822542
-1.88691792213376E-13;637546406464022502
-1.88691792213376E-13;637546406464222714
-1.88691792213376E-13;637546406464422548
-1.88691792213376E-13;637546406464623210
-1.88691792213376E-13;637546406464822466
-1.88691792213376E-13;637546406465022482
-1.88691792213376E-13;637546406465222648
-1.88691792213376E-13;637546406465422502
-1.88691792213376E-13;637546406465622348
-1.88691792213376E-13;637546406465822598
-1.88691792213376E-13;637546406466022504
-1.88691792213376E-13;637546406466222508
-1.88691792213376E-13;637546406466422612
-1.88691792213376E-13;637546406466622812
-1.88691792213376E-13;637546406466822652
-1.88691792213376E-13;637546406467022596
-1.88691792213376E-13;637546406467222816
-1.88691792213376E-13;637546406467422506
-1.88691792213376E-13;637546406467622804
-1.88691792213376E-13;637546406467822608
-1.88691792213376E-13;637546406468022470
-1.88691792213376E-13;637546406468222758
-1.88691792213376E-13;637546406468422480
-1.88691792213376E-13;637546406468622408
-1.88691792213376E-13;637546406468822660
-1.88691792213376E-13;637546406469022362
-1.88691792213376E-13;637546406469222262
-1.88691792213376E-13;637546406469422554
-1.88691792213376E-13;637546406469622434
-1.88691792213376E-13;637546406469822506
-1.88691792213376E-13;637546406470022630
-1.88691792213376E-13;637546406470222722
-1.88691792213376E-13;637546406470422440
-1.88691792213376E-13;637546406470622684
-1.88691792213376E-13;637546406470822854
-1.88691792213376E-13;637546406471022386
-1.88691792213376E-13;637546406471222672
-1.88691792213376E-13;637546406471422324
-1.88691792213376E-13;637546406471622402
-1.88691792213376E-13;637546406471822738
-1.88691792213376E-13;637546406472022330
-1.88691792213376E-13;637546406472222484
-1.88691792213376E-13;637546406472443382
-1.88691792213376E-13;637546406472642700
-1.88691792213376E-13;637546406472822714
-1.88691792213376E-13;637546406473022726
-1.88691792213376E-13;637546406473222766
-1.88691792213376E-13;637546406473422646
-1.88691792213376E-13;637546406473622628
-1.88691792213376E-13;637546406473822548
-1.88691792213376E-13;637546406474022596
-1.88691792213376E-13;637546406474222856
-1.88691792213376E-13;637546406474422696
-1.88691792213376E-13;637546406474622840
-1.88691792213376E-13;637546406474822854
-1.88691792213376E-13;637546406475022680
-1.88691792213376E-13;637546406475222620
-1.88691792213376E-13;637546406475422714
-1.88691792213376E-13;637546406475622478
-1.88691792213376E-13;637546406475822486
-1.88691792213376E-13;637546406476022702
-1.88691792213376E-13;637546406476222840
-1.88691792213376E-13;637546406476422644
-1.88691792213376E-13;637546406476622708
-1.88691792213376E-13;637546406476822614
-1.88691792213376E-13;637546406477022698
-1.88691792213376E-13;637546406477222612
-1.88691792213376E-13;637546406477422866
-1.88691792213376E-13;637546406477622480
-1.88691792213376E-13;637546406477822854
-1.88691792213376E-13;637546406478022716
-1.88691792213376E-13;637546406478222506
-1.88691792213376E-13;637546406478422746
-1.88691792213376E-13;637546406478622714
-1.88691792213376E-13;637546406478822622
-1.88691792213376E-13;637546406479022810
-1.88691792213376E-13;637546406479222714
-1.88691792213376E-13;637546406479422686
-1.88691792213376E-13;637546406479622726
-1.88691792213376E-13;637546406479842682
-1.88691792213376E-13;637546406480045354
-1.88691792213376E-13;637546406480222838
-1.88691792213376E-13;637546406480422532
-1.88691792213376E-13;637546406480622494
-1.88691792213376E-13;637546406480822650
-1.88691792213376E-13;637546406481022522
-1.88691792213376E-13;637546406481222188
-1.88691792213376E-13;637546406481422694
-1.88691792213376E-13;637546406481622340
-1.88691792213376E-13;637546406481822472
-1.88691792213376E-13;637546406482043292
-1.88691792213376E-13;637546406482262902
-1.88691792213376E-13;637546406482422548
-1.88691792213376E-13;637546406482622536
-1.88691792213376E-13;637546406482822724
-1.88691792213376E-13;637546406483022862
-1.88691792213376E-13;637546406483222600
-1.88691792213376E-13;637546406483422430
-1.88691792213376E-13;637546406483622318
-1.88691792213376E-13;637546406483822772
-1.88691792213376E-13;637546406484022700
-1.88691792213376E-13;637546406484224820
-1.88691792213376E-13;637546406484422632
-1.88691792213376E-13;637546406484622564
-1.88691792213376E-13;637546406484822700
-1.88691792213376E-13;637546406485022736
-1.88691792213376E-13;637546406485222842
-1.88691792213376E-13;637546406485422592
-1.88691792213376E-13;637546406485622814
-1.88691792213376E-13;637546406485822638
-1.88691792213376E-13;637546406486022608
-1.88691792213376E-13;637546406486222784
-1.88691792213376E-13;637546406486422660
-1.88691792213376E-13;637546406486622670
-1.88691792213376E-13;637546406486822804
-1.88691792213376E-13;637546406487022670
-1.88691792213376E-13;637546406487222932
-1.88691792213376E-13;637546406487422760
-1.88691792213376E-13;637546406487622638
-1.88691792213376E-13;637546406487822544
-1.88691792213376E-13;637546406488022826
-1.88691792213376E-13;637546406488223184
-1.88691792213376E-13;637546406488422592
-1.88691792213376E-13;637546406488625292
-1.88691792213376E-13;637546406488822938
-1.88691792213376E-13;637546406489022890
-1.88691792213376E-13;637546406489225296
-1.88691792213376E-13;637546406489422958
-1.88691792213376E-13;637546406489622746
-1.88691792213376E-13;637546406489822612
-1.88691792213376E-13;637546406490022506
-1.88691792213376E-13;637546406490222612
-1.88691792213376E-13;637546406490422790
-1.88691792213376E-13;637546406490622608
-1.88691792213376E-13;637546406490822644
-1.88691792213376E-13;637546406491022644
-1.88691792213376E-13;637546406491222898
-1.88691792213376E-13;637546406491422604
-1.88691792213376E-13;637546406491622636
-1.88691792213376E-13;637546406491822596
-1.88691792213376E-13;637546406492022596
-1.88691792213376E-13;637546406492223148
-1.88691792213376E-13;637546406492422740
-1.88691792213376E-13;637546406492622482
-1.88691792213376E-13;637546406492822848
-1.88691792213376E-13;637546406493043298
-1.88691792213376E-13;637546406493223316
-1.88691792213376E-13;637546406493422598
-1.88691792213376E-13;637546406493622560
-1.88691792213376E-13;637546406493822486
-1.88691792213376E-13;637546406494022530
-1.88691792213376E-13;637546406494222584
-1.88691792213376E-13;637546406494422514
-1.88691792213376E-13;637546406494622784
-1.88691792213376E-13;637546406494822592
-1.88691792213376E-13;637546406495022474
-1.88691792213376E-13;637546406495222704
-1.88691792213376E-13;637546406495422462
-1.88691792213376E-13;637546406495622628
-1.88691792213376E-13;637546406495825116
-1.88691792213376E-13;637546406496025002
-1.88691792213376E-13;637546406496225302
-1.88691792213376E-13;637546406496425216
-1.88691792213376E-13;637546406496645256
-1.88691792213376E-13;637546406496822564
-1.88691792213376E-13;637546406497022474
-1.88691792213376E-13;637546406497222696
-1.88691792213376E-13;637546406497422428
-1.88691792213376E-13;637546406497622762
-1.88691792213376E-13;637546406497822452
-1.88691792213376E-13;637546406498022618
-1.88691792213376E-13;637546406498222720
-1.88691792213376E-13;637546406498422606
-1.88691792213376E-13;637546406498622580
-1.88691792213376E-13;637546406498822830
-1.88691792213376E-13;637546406499022522
-1.88691792213376E-13;637546406499222444
-1.88691792213376E-13;637546406499422586
-1.88691792213376E-13;637546406499622546
-1.88691792213376E-13;637546406499822448
-1.88691792213376E-13;637546406500022734
-1.88691792213376E-13;637546406500222800
-1.88691792213376E-13;637546406500422736
-1.88691792213376E-13;637546406500622714
-1.88691792213376E-13;637546406500822684
-1.88691792213376E-13;637546406501022558
-1.88691792213376E-13;637546406501222784
-1.88691792213376E-13;637546406501422778
-1.88691792213376E-13;637546406501622502
-1.88691792213376E-13;637546406501822812
-1.88691792213376E-13;637546406502022632
-1.88691792213376E-13;637546406502222548
-1.88691792213376E-13;637546406502424738
-1.88691792213376E-13;637546406502622706
-1.88691792213376E-13;637546406502824914
-1.88691792213376E-13;637546406503059912
-1.88691792213376E-13;637546406503222688
-1.88691792213376E-13;637546406503422722
-1.88691792213376E-13;637546406503622480
-1.88691792213376E-13;637546406503822476
-1.88691792213376E-13;637546406504022412
-1.88691792213376E-13;637546406504245856
-1.88691792213376E-13;637546406504445818
-1.88691792213376E-13;637546406504622790
-1.88691792213376E-13;637546406504822790
-1.88691792213376E-13;637546406505022404
-1.88691792213376E-13;637546406505222366
-1.88691792213376E-13;637546406505422608
-1.88691792213376E-13;637546406505622392
-1.88691792213376E-13;637546406505822386
-1.88691792213376E-13;637546406506022572
-1.88691792213376E-13;637546406506242300
-1.88691792213376E-13;637546406506422542
-1.88691792213376E-13;637546406506622786
-1.88691792213376E-13;637546406506822670
-1.88691792213376E-13;637546406507045136
-1.88691792213376E-13;637546406507240468
-1.88691792213376E-13;637546406507423136
-1.88691792213376E-13;637546406507623250
-1.88691792213376E-13;637546406507823386
-1.88691792213376E-13;637546406508045456
-1.88691792213376E-13;637546406508222570
-1.88691792213376E-13;637546406508422442
-1.88691792213376E-13;637546406508622522
-1.88691792213376E-13;637546406508822720
-1.88691792213376E-13;637546406509022570
-1.88691792213376E-13;637546406509222402
-1.88691792213376E-13;637546406509422476
-1.88691792213376E-13;637546406509622710
-1.88691792213376E-13;637546406509822444
-1.88691792213376E-13;637546406510022362
-1.88691792213376E-13;637546406510222210
-1.88691792213376E-13;637546406510422482
-1.88691792213376E-13;637546406510622394
-1.88691792213376E-13;637546406510822694
-1.88691792213376E-13;637546406511022430
-1.88691792213376E-13;637546406511222336
-1.88691792213376E-13;637546406511422720
-1.88691792213376E-13;637546406511622670
-1.88691792213376E-13;637546406511822540
-1.88691792213376E-13;637546406512022700
-1.88691792213376E-13;637546406512222700
-1.88691792213376E-13;637546406512422518
-1.88691792213376E-13;637546406512623178
-1.88691792213376E-13;637546406512822778
-1.88691792213376E-13;637546406513022644
-1.88691792213376E-13;637546406513222784
-1.88691792213376E-13;637546406513422518
-1.88691792213376E-13;637546406513622690
-1.88691792213376E-13;637546406513822756
-1.88691792213376E-13;637546406514022520
-1.88691792213376E-13;637546406514222510
-1.88691792213376E-13;637546406514422698
-1.88691792213376E-13;637546406514622574
-1.88691792213376E-13;637546406514822548
-1.88691792213376E-13;637546406515022630
-1.88691792213376E-13;637546406515222612
-1.88691792213376E-13;637546406515422500
-1.88691792213376E-13;637546406515622570
-1.88691792213376E-13;637546406515822490
-1.88691792213376E-13;637546406516022428
-1.88691792213376E-13;637546406516222568
-1.88691792213376E-13;637546406516422382
-1.88691792213376E-13;637546406516622370
-1.88691792213376E-13;637546406516822698
-1.88691792213376E-13;637546406517022362
-1.88691792213376E-13;637546406517222752
-1.88691792213376E-13;637546406517422462
-1.88691792213376E-13;637546406517622506
-1.88691792213376E-13;637546406517822544
-1.88691792213376E-13;637546406518022528
-1.88691792213376E-13;637546406518222682
-1.88691792213376E-13;637546406518422442
-1.88691792213376E-13;637546406518622558
-1.88691792213376E-13;637546406518822494
-1.88691792213376E-13;637546406519022362
-1.88691792213376E-13;637546406519222720
-1.88691792213376E-13;637546406519422434
-1.88691792213376E-13;637546406519622516
-1.88691792213376E-13;637546406519822560
-1.88691792213376E-13;637546406520022338
-1.88691792213376E-13;637546406520222394
-1.88691792213376E-13;637546406520422506
-1.88691792213376E-13;637546406520622348
-1.88691792213376E-13;637546406520822602
-1.88691792213376E-13;637546406521022490
-1.88691792213376E-13;637546406521245114
-1.88691792213376E-13;637546406521422952
-1.88691792213376E-13;637546406521623258
-1.88691792213376E-13;637546406521823234
-1.88691792213376E-13;637546406522022876
-1.88691792213376E-13;637546406522223138
-1.88691792213376E-13;637546406522422958
-1.88691792213376E-13;637546406522622916
-1.88691792213376E-13;637546406522824852
-1.88691792213376E-13;637546406523022950
-1.88691792213376E-13;637546406523223316
-1.88691792213376E-13;637546406523423058
-1.88691792213376E-13;637546406523622926
-1.88691792213376E-13;637546406523822786
-1.88691792213376E-13;637546406524023054
-1.88691792213376E-13;637546406524243258
-1.88691792213376E-13;637546406524422752
-1.88691792213376E-13;637546406524623014
-1.88691792213376E-13;637546406524822890
-1.88691792213376E-13;637546406525022624
-1.88691792213376E-13;637546406525223124
-1.88691792213376E-13;637546406525422814
-1.88691792213376E-13;637546406525622824
-1.88691792213376E-13;637546406525822966
-1.88691792213376E-13;637546406526022708
-1.88691792213376E-13;637546406526222710
-1.88691792213376E-13;637546406526422852
-1.88691792213376E-13;637546406526622772
-1.88691792213376E-13;637546406526822848
-1.88691792213376E-13;637546406527022892
-1.88691792213376E-13;637546406527223096
-1.88691792213376E-13;637546406527422774
-1.88691792213376E-13;637546406527622912
-1.88691792213376E-13;637546406527822788
-1.88691792213376E-13;637546406528022738
-1.88691792213376E-13;637546406528223104
-1.88691792213376E-13;637546406528422834
-1.88691792213376E-13;637546406528622758
-1.88691792213376E-13;637546406528822918
-1.88691792213376E-13;637546406529022612
-1.88691792213376E-13;637546406529222700
-1.88691792213376E-13;637546406529422856
-1.88691792213376E-13;637546406529622894
-1.88691792213376E-13;637546406529822530
-1.88691792213376E-13;637546406530022900
-1.88691792213376E-13;637546406530222778
-1.88691792213376E-13;637546406530422618
-1.88691792213376E-13;637546406530622794
-1.88691792213376E-13;637546406530822480
-1.88691792213376E-13;637546406531022748
-1.88691792213376E-13;637546406531222914
-1.88691792213376E-13;637546406531422598
-1.88691792213376E-13;637546406531622708
-1.88691792213376E-13;637546406531822772
-1.88691792213376E-13;637546406532042822
-1.88691792213376E-13;637546406532262726
-1.88691792213376E-13;637546406532422660
-1.88691792213376E-13;637546406532622414
-1.88691792213376E-13;637546406532822432
-1.88691792213376E-13;637546406533022452
-1.88691792213376E-13;637546406533222708
-1.88691792213376E-13;637546406533422524
-1.88691792213376E-13;637546406533622598
-1.88691792213376E-13;637546406533822436
-1.88691792213376E-13;637546406534022496
-1.88691792213376E-13;637546406534222688
-1.88691792213376E-13;637546406534422446
-1.88691792213376E-13;637546406534622660
-1.88691792213376E-13;637546406534822686
-1.88691792213376E-13;637546406535022522
-1.88691792213376E-13;637546406535222490
-1.88691792213376E-13;637546406535422378
-1.88691792213376E-13;637546406535622376
-1.88691792213376E-13;637546406535822392
-1.88691792213376E-13;637546406536022446
-1.88691792213376E-13;637546406536222662
-1.88691792213376E-13;637546406536422442
-1.88691792213376E-13;637546406536622696
-1.88691792213376E-13;637546406536822574
-1.88691792213376E-13;637546406537022442
-1.88691792213376E-13;637546406537222924
-1.88691792213376E-13;637546406537422586
-1.88691792213376E-13;637546406537640794
-1.88691792213376E-13;637546406537822582
-1.88691792213376E-13;637546406538022388
-1.88691792213376E-13;637546406538222644
-1.88691792213376E-13;637546406538422626
-1.88691792213376E-13;637546406538625544
-1.88691792213376E-13;637546406538822618
-1.88691792213376E-13;637546406539022490
-1.88691792213376E-13;637546406539222520
-1.88691792213376E-13;637546406539422370
-1.88691792213376E-13;637546406539622604
-1.88691792213376E-13;637546406539822442
-1.88691792213376E-13;637546406540022390
-1.88691792213376E-13;637546406540222660
-1.88691792213376E-13;637546406540422378
-1.88691792213376E-13;637546406540622542
-1.88691792213376E-13;637546406540822638
-1.88691792213376E-13;637546406541022386
-1.88691792213376E-13;637546406541222742
-1.88691792213376E-13;637546406541422572
-1.88691792213376E-13;637546406541622400
-1.88691792213376E-13;637546406541822520
-1.88691792213376E-13;637546406542022564
-1.88691792213376E-13;637546406542223120
-1.88691792213376E-13;637546406542422478
-1.88691792213376E-13;637546406542622592
-1.88691792213376E-13;637546406542822692
-1.88691792213376E-13;637546406543025184
-1.88691792213376E-13;637546406543245240
-1.88691792213376E-13;637546406543422880
-1.88691792213376E-13;637546406543622664
-1.88691792213376E-13;637546406543822926
-1.88691792213376E-13;637546406544022606
-1.88691792213376E-13;637546406544262794
-1.88691792213376E-13;637546406544422410
-1.88691792213376E-13;637546406544622416
-1.88691792213376E-13;637546406544822366
-1.88691792213376E-13;637546406545022454
-1.88691792213376E-13;637546406545222620
-1.88691792213376E-13;637546406545422542
-1.88691792213376E-13;637546406545622454
-1.88691792213376E-13;637546406545822392
-1.88691792213376E-13;637546406546022420
-1.88691792213376E-13;637546406546222554
-1.88691792213376E-13;637546406546422548
-1.88691792213376E-13;637546406546622326
-1.88691792213376E-13;637546406546825184
-1.88691792213376E-13;637546406547025184
-1.88691792213376E-13;637546406547225166
-1.88691792213376E-13;637546406547425178
-1.88691792213376E-13;637546406547625056
-1.88691792213376E-13;637546406547822998
-1.88691792213376E-13;637546406548022824
-1.88691792213376E-13;637546406548222780
-1.88691792213376E-13;637546406548422644
-1.88691792213376E-13;637546406548622702
-1.88691792213376E-13;637546406548822732
-1.88691792213376E-13;637546406549022682
-1.88691792213376E-13;637546406549222796
-1.88691792213376E-13;637546406549422532
-1.88691792213376E-13;637546406549622634
-1.88691792213376E-13;637546406549822648
-1.88691792213376E-13;637546406550022564
-1.88691792213376E-13;637546406550222582
-1.88691792213376E-13;637546406550423384
-1.88691792213376E-13;637546406550622356
-1.88691792213376E-13;637546406550822668
-1.88691792213376E-13;637546406551022608
-1.88691792213376E-13;637546406551222822
-1.88691792213376E-13;637546406551422708
-1.88691792213376E-13;637546406551622400
-1.88691792213376E-13;637546406551822646
-1.88691792213376E-13;637546406552022726
-1.88691792213376E-13;637546406552222622
-1.88691792213376E-13;637546406552422612
-1.88691792213376E-13;637546406552622582
-1.88691792213376E-13;637546406552825268
-1.88691792213376E-13;637546406553045824
-1.88691792213376E-13;637546406553223060
-1.88691792213376E-13;637546406553422796
-1.88691792213376E-13;637546406553622900
-1.88691792213376E-13;637546406553822918
-1.88691792213376E-13;637546406554022916
-1.88691792213376E-13;637546406554223216
-1.88691792213376E-13;637546406554462774
-1.88691792213376E-13;637546406554622746
-1.88691792213376E-13;637546406554822640
-1.88691792213376E-13;637546406555022462
-1.88691792213376E-13;637546406555222642
-1.88691792213376E-13;637546406555422478
-1.88691792213376E-13;637546406555622506
-1.88691792213376E-13;637546406555822424
-1.88691792213376E-13;637546406556022400
-1.88691792213376E-13;637546406556222222
-1.88691792213376E-13;637546406556422606
-1.88691792213376E-13;637546406556622324
-1.88691792213376E-13;637546406556822736
-1.88691792213376E-13;637546406557045546
-1.88691792213376E-13;637546406557263022
-1.88691792213376E-13;637546406557422544
-1.88691792213376E-13;637546406557622642
-1.88691792213376E-13;637546406557822546
-1.88691792213376E-13;637546406558043212
-1.88691792213376E-13;637546406558222768
-1.88691792213376E-13;637546406558422490
-1.88691792213376E-13;637546406558622554
-1.88691792213376E-13;637546406558822746
-1.88691792213376E-13;637546406559022352
-1.88691792213376E-13;637546406559222314
-1.88691792213376E-13;637546406559422330
-1.88691792213376E-13;637546406559622752
-1.88691792213376E-13;637546406559822492
-1.88691792213376E-13;637546406560022560
-1.88691792213376E-13;637546406560222726
-1.88691792213376E-13;637546406560422348
-1.88691792213376E-13;637546406560622938
-1.88691792213376E-13;637546406560822554
-1.88691792213376E-13;637546406561022372
-1.88691792213376E-13;637546406561242440
-1.88691792213376E-13;637546406561422642
-1.88691792213376E-13;637546406561622496
-1.88691792213376E-13;637546406561822594
-1.88691792213376E-13;637546406562022760
-1.88691792213376E-13;637546406562222784
-1.88691792213376E-13;637546406562422672
-1.88691792213376E-13;637546406562622368
-1.88691792213376E-13;637546406562822638
-1.88691792213376E-13;637546406563022702
-1.88691792213376E-13;637546406563222720
-1.88691792213376E-13;637546406563422570
-1.88691792213376E-13;637546406563622620
-1.88691792213376E-13;637546406563822432
-1.88691792213376E-13;637546406564022608
-1.88691792213376E-13;637546406564245482
-1.88691792213376E-13;637546406564422242
-1.88691792213376E-13;637546406564622540
-1.88691792213376E-13;637546406564822406
-1.88691792213376E-13;637546406565022274
-1.88691792213376E-13;637546406565222284
-1.88691792213376E-13;637546406565422360
-1.88691792213376E-13;637546406565622406
-1.88691792213376E-13;637546406565822300
-1.88691792213376E-13;637546406566022366
-1.88691792213376E-13;637546406566222580
-1.88691792213376E-13;637546406566422364
-1.88691792213376E-13;637546406566622710
-1.88691792213376E-13;637546406566822646
-1.88691792213376E-13;637546406567022326
-1.88691792213376E-13;637546406567222620
-1.88691792213376E-13;637546406567422464
-1.88691792213376E-13;637546406567622246
-1.88691792213376E-13;637546406567822524
-1.88691792213376E-13;637546406568022218
-1.88691792213376E-13;637546406568222498
-1.88691792213376E-13;637546406568422534
-1.88691792213376E-13;637546406568622394
-1.88691792213376E-13;637546406568822520
-1.88691792213376E-13;637546406569022482
-1.88691792213376E-13;637546406569222670
-1.88691792213376E-13;637546406569422476
-1.88691792213376E-13;637546406569622678
-1.88691792213376E-13;637546406569822778
-1.88691792213376E-13;637546406570022464
-1.88691792213376E-13;637546406570222688
-1.88691792213376E-13;637546406570422366
-1.88691792213376E-13;637546406570622434
-1.88691792213376E-13;637546406570822932
-1.88691792213376E-13;637546406571022480
