False;637546406251222674
False;637546406251422370
False;637546406251625516
False;637546406251822490
False;637546406252022454
False;637546406252222822
False;637546406252422528
False;637546406252644870
False;637546406252822996
False;637546406253022532
False;637546406253222280
False;637546406253422570
False;637546406253622606
False;637546406253822338
False;637546406254022440
False;637546406254225020
False;637546406254444852
False;637546406254622642
False;637546406254822650
False;637546406255022498
False;637546406255222688
False;637546406255422352
False;637546406255622490
False;637546406255822656
False;637546406256022456
False;637546406256222456
False;637546406256422560
False;637546406256622490
False;637546406256825184
False;637546406257062828
False;637546406257243158
False;637546406257422564
False;637546406257622418
False;637546406257825602
False;637546406258045502
False;637546406258222752
False;637546406258422404
False;637546406258622408
False;637546406258822642
False;637546406259022374
False;637546406259222394
False;637546406259422452
False;637546406259623018
False;637546406259822774
False;637546406260022814
False;637546406260223184
False;637546406260422800
False;637546406260623010
False;637546406260822942
False;637546406261025630
False;637546406261245266
False;637546406261422328
False;637546406261622276
False;637546406261822388
False;637546406262022374
False;637546406262222518
False;637546406262422362
False;637546406262622294
False;637546406262822394
False;637546406263022522
False;637546406263222720
False;637546406263422528
False;637546406263622698
False;637546406263822374
False;637546406264022286
False;637546406264222496
False;637546406264422496
False;637546406264623032
False;637546406264822554
False;637546406265022428
False;637546406265222154
False;637546406265422380
False;637546406265622468
False;637546406265822344
False;637546406266022334
False;637546406266222702
False;637546406266422394
False;637546406266622276
False;637546406266822398
False;637546406267022466
False;637546406267222490
False;637546406267422348
False;637546406267622284
False;637546406267823236
False;637546406268022464
False;637546406268222862
False;637546406268422424
False;637546406268622244
False;637546406268822374
False;637546406269022448
False;637546406269222584
False;637546406269422476
False;637546406269622574
False;637546406269822330
False;637546406270022426
False;637546406270222734
False;637546406270422420
False;637546406270622274
False;637546406270822582
False;637546406271022288
False;637546406271022288
False;637546406271222132
False;637546406271422544
False;637546406271622272
False;637546406271822400
False;637546406272022560
False;637546406272222560
False;637546406272463068
False;637546406272645380
False;637546406272823020
False;637546406273022696
False;637546406273222976
False;637546406273422518
False;637546406273622496
False;637546406273823112
False;637546406274022388
False;637546406274222810
False;637546406274422658
False;637546406274622714
False;637546406274822732
False;637546406275022726
False;637546406275222958
False;637546406275422608
False;637546406275622696
False;637546406275822580
False;637546406276022694
False;637546406276225666
False;637546406276422804
False;637546406276622860
False;637546406276822822
False;637546406277022810
False;637546406277222826
False;637546406277422904
False;637546406277622892
False;637546406277822816
False;637546406278022918
False;637546406278222888
False;637546406278422738
False;637546406278622854
False;637546406278822792
False;637546406279022774
False;637546406279222850
False;637546406279422810
False;637546406279622886
False;637546406279842796
False;637546406280040860
False;637546406280222798
False;637546406280422842
False;637546406280622944
False;637546406280822878
False;637546406281022952
False;637546406281223298
False;637546406281422728
False;637546406281622952
False;637546406281822746
False;637546406282023354
False;637546406282240912
False;637546406282422956
False;637546406282622970
False;637546406282823134
False;637546406283023112
False;637546406283222918
False;637546406283422976
False;637546406283622904
False;637546406283822844
False;637546406284045060
False;637546406284222734
False;637546406284422660
False;637546406284622876
False;637546406284822710
False;637546406285023070
False;637546406285222838
False;637546406285422760
False;637546406285622612
False;637546406285822658
False;637546406286022862
False;637546406286222722
False;637546406286422762
False;637546406286622650
False;637546406286822812
False;637546406287022820
False;637546406287222940
False;637546406287422716
False;637546406287622852
False;637546406287822694
False;637546406288022752
False;637546406288222964
False;637546406288422738
False;637546406288622758
False;637546406288823030
False;637546406289022626
False;637546406289222800
False;637546406289425868
False;637546406289623110
False;637546406289822826
False;637546406290022922
False;637546406290223200
False;637546406290423122
False;637546406290623112
False;637546406290823098
False;637546406291023056
False;637546406291023056
False;637546406291023056
False;637546406291224620
False;637546406291423008
False;637546406291640654
False;637546406291825804
False;637546406292025566
False;637546406292240400
False;637546406292425680
False;637546406292623314
False;637546406292823162
False;637546406293062840
False;637546406293222818
False;637546406293422506
False;637546406293622580
False;637546406293822474
False;637546406294022472
False;637546406294222574
False;637546406294422278
False;637546406294622490
False;637546406294822774
False;637546406295022404
False;637546406295222714
False;637546406295422452
False;637546406295622246
False;637546406295822392
False;637546406296022374
False;637546406296222816
False;637546406296422348
False;637546406296622382
False;637546406296822528
False;637546406297022528
False;637546406297222614
False;637546406297422510
False;637546406297622530
False;637546406297822480
False;637546406298022392
False;637546406298222646
False;637546406298422358
False;637546406298622256
False;637546406298822348
False;637546406299022494
False;637546406299222472
False;637546406299422408
False;637546406299622598
False;637546406299822342
False;637546406300022400
False;637546406300222470
False;637546406300422342
False;637546406300622416
False;637546406300822728
False;637546406301022396
False;637546406301222234
False;637546406301422362
False;637546406301642580
False;637546406301822342
False;637546406302022452
False;637546406302222826
False;637546406302422568
False;637546406302622828
False;637546406302842986
False;637546406303022528
False;637546406303222664
False;637546406303422508
False;637546406303622420
False;637546406303822628
False;637546406304045854
False;637546406304224730
False;637546406304442546
False;637546406304622558
False;637546406304822548
False;637546406305022544
False;637546406305222624
False;637546406305422742
False;637546406305622494
False;637546406305822236
False;637546406306022442
False;637546406306225504
False;637546406306422286
False;637546406306622288
False;637546406306825466
False;637546406307062712
False;637546406307223124
False;637546406307422864
False;637546406307622964
False;637546406307840386
False;637546406308045434
False;637546406308222646
False;637546406308422468
False;637546406308622540
False;637546406308822474
False;637546406309022432
False;637546406309222842
False;637546406309422428
False;637546406309622952
False;637546406309822816
False;637546406310022790
False;637546406310222874
False;637546406310422900
False;637546406310622944
False;637546406310822834
False;637546406311022880
False;637546406311022880
False;637546406311223044
False;637546406311422822
False;637546406311623108
False;637546406311822870
False;637546406312022876
False;637546406312222952
False;637546406312423052
False;637546406312622970
False;637546406312823042
False;637546406313022790
False;637546406313222880
False;637546406313423004
False;637546406313622932
False;637546406313822786
False;637546406314022800
False;637546406314223168
False;637546406314422886
False;637546406314625024
False;637546406314823006
False;637546406315022914
False;637546406315223002
False;637546406315422864
False;637546406315622944
False;637546406315822840
False;637546406316022858
False;637546406316222842
False;637546406316422860
False;637546406316622978
False;637546406316822954
False;637546406317022912
False;637546406317223360
False;637546406317422890
False;637546406317623060
False;637546406317822916
False;637546406318022852
False;637546406318223056
False;637546406318422788
False;637546406318622928
False;637546406318823128
False;637546406319022762
False;637546406319222786
False;637546406319422870
False;637546406319622890
False;637546406319822854
False;637546406320022854
False;637546406320223002
False;637546406320422838
False;637546406320622918
False;637546406320822868
False;637546406321022794
False;637546406321242602
False;637546406321422618
False;637546406321622388
False;637546406321822408
False;637546406322022400
False;637546406322222736
False;637546406322422600
False;637546406322622352
False;637546406322822630
False;637546406323022618
False;637546406323222664
False;637546406323422378
False;637546406323622226
False;637546406323822786
False;637546406324045718
False;637546406324222764
False;637546406324422426
False;637546406324622452
False;637546406324822882
False;637546406325022338
False;637546406325222278
False;637546406325422524
False;637546406325622274
False;637546406325822504
False;637546406326022442
False;637546406326222694
False;637546406326422432
False;637546406326622286
False;637546406326822494
False;637546406327022452
False;637546406327222592
False;637546406327422442
False;637546406327622330
False;637546406327822666
False;637546406328022454
False;637546406328222542
False;637546406328445274
False;637546406328622330
False;637546406328822496
False;637546406329022438
False;637546406329222568
False;637546406329422466
False;637546406329622286
False;637546406329843166
False;637546406330022356
False;637546406330222686
False;637546406330422506
False;637546406330622426
False;637546406330822704
False;637546406331022448
False;637546406331022448
False;637546406331222508
False;637546406331422450
False;637546406331622490
False;637546406331822362
False;637546406332040092
False;637546406332245752
False;637546406332422704
False;637546406332622314
False;637546406332822620
False;637546406333022470
False;637546406333222788
False;637546406333422480
False;637546406333622530
False;637546406333822530
False;637546406334022812
False;637546406334222636
False;637546406334422502
False;637546406334622566
False;637546406334822502
False;637546406335022506
False;637546406335222648
False;637546406335422388
False;637546406335622302
False;637546406335822412
False;637546406336022458
False;637546406336222720
False;637546406336422456
False;637546406336622402
False;637546406336822634
False;637546406337022340
False;637546406337222446
False;637546406337422610
False;637546406337622356
False;637546406337822314
False;637546406338022516
False;637546406338222790
False;637546406338422440
False;637546406338622914
False;637546406338822550
False;637546406339022438
False;637546406339222880
False;637546406339422428
False;637546406339622736
False;637546406339822472
False;637546406340022544
False;637546406340222496
False;637546406340422570
False;637546406340622394
False;637546406340822608
False;637546406341022446
False;637546406341222766
False;637546406341422356
False;637546406341622552
False;637546406341822494
False;637546406342022516
False;637546406342222750
False;637546406342422536
False;637546406342642446
False;637546406342840266
False;637546406343065364
False;637546406343242688
False;637546406343425424
False;637546406343625266
False;637546406343822976
False;637546406344025634
False;637546406344223008
False;637546406344422570
False;637546406344622822
False;637546406344822578
False;637546406345022468
False;637546406345222692
False;637546406345422620
False;637546406345622266
False;637546406345822672
False;637546406346022508
False;637546406346222534
False;637546406346422624
False;637546406346622388
False;637546406346822570
False;637546406347022532
False;637546406347222682
False;637546406347422530
False;637546406347622674
False;637546406347822352
False;637546406348022388
False;637546406348222756
False;637546406348422640
False;637546406348622470
False;637546406348822772
False;637546406349022634
False;637546406349222568
False;637546406349422736
False;637546406349622624
False;637546406349822406
False;637546406350022594
False;637546406350222562
False;637546406350422556
False;637546406350622484
False;637546406350822634
False;637546406351022430
False;637546406351022430
False;637546406351222746
False;637546406351422670
False;637546406351644864
False;637546406351822594
False;637546406352022336
False;637546406352222554
False;637546406352422762
False;637546406352622650
False;637546406352845026
False;637546406353023130
False;637546406353222992
False;637546406353423310
False;637546406353623074
False;637546406353822732
False;637546406354022782
False;637546406354225464
False;637546406354445700
False;637546406354622640
False;637546406354822740
False;637546406355022490
False;637546406355222508
False;637546406355422644
False;637546406355622378
False;637546406355822460
False;637546406356022506
False;637546406356222758
False;637546406356422494
False;637546406356622626
False;637546406356822634
False;637546406357045584
False;637546406357222900
False;637546406357422554
False;637546406357622328
False;637546406357825324
False;637546406358062186
False;637546406358222964
False;637546406358422802
False;637546406358622918
False;637546406358822942
False;637546406359022860
False;637546406359223016
False;637546406359422536
False;637546406359622686
False;637546406359822548
False;637546406360022480
False;637546406360222778
False;637546406360422478
False;637546406360622484
False;637546406360822844
False;637546406361042166
False;637546406361242182
False;637546406361422804
False;637546406361622766
False;637546406361822560
False;637546406362022720
False;637546406362222906
False;637546406362422600
False;637546406362623386
False;637546406362822790
False;637546406363022674
False;637546406363223098
False;637546406363422618
False;637546406363622970
False;637546406363822766
False;637546406364025364
False;637546406364222514
False;637546406364422496
False;637546406364622584
False;637546406364822722
False;637546406365022594
False;637546406365222604
False;637546406365422472
False;637546406365622594
False;637546406365822424
False;637546406366022480
False;637546406366222644
False;637546406366422468
False;637546406366622394
False;637546406366822656
False;637546406367022416
False;637546406367222554
False;637546406367422622
False;637546406367622440
False;637546406367822532
False;637546406368022468
False;637546406368222682
False;637546406368422412
False;637546406368622752
False;637546406368822534
False;637546406369022530
False;637546406369222584
False;637546406369422522
False;637546406369622760
False;637546406369822584
False;637546406370022414
False;637546406370222470
False;637546406370422380
False;637546406370622394
False;637546406370822572
False;637546406371022396
False;637546406371022396
False;637546406371022396
False;637546406371222704
False;637546406371422358
False;637546406371622574
False;637546406371822650
False;637546406372022458
False;637546406372222596
False;637546406372445674
False;637546406372642372
False;637546406372823190
False;637546406373022562
False;637546406373222724
False;637546406373422728
False;637546406373622656
False;637546406373822494
False;637546406374022626
False;637546406374222646
False;637546406374422574
False;637546406374622812
False;637546406374822642
False;637546406375022594
False;637546406375222694
False;637546406375422562
False;637546406375622676
False;637546406375822634
False;637546406376022506
False;637546406376222596
False;637546406376422646
False;637546406376622674
False;637546406376822720
False;637546406377022748
False;637546406377223002
False;637546406377422650
False;637546406377622736
False;637546406377822500
False;637546406378022608
False;637546406378222778
False;637546406378422728
False;637546406378622670
False;637546406378822906
False;637546406379022672
False;637546406379222644
False;637546406379422736
False;637546406379622710
False;637546406379842810
False;637546406380044816
False;637546406380223172
False;637546406380422824
False;637546406380622966
False;637546406380823186
False;637546406381022882
False;637546406381223018
False;637546406381422840
False;637546406381622878
False;637546406381822850
False;637546406382043242
False;637546406382245600
False;637546406382422648
False;637546406382622440
False;637546406382822444
False;637546406383022420
False;637546406383222518
False;637546406383422522
False;637546406383622292
False;637546406383822348
False;637546406384042280
False;637546406384223098
False;637546406384422888
False;637546406384622932
False;637546406384822854
False;637546406385023188
False;637546406385222848
False;637546406385422776
False;637546406385622786
False;637546406385822740
False;637546406386022752
False;637546406386222990
False;637546406386422786
False;637546406386622848
False;637546406386822894
False;637546406387022812
False;637546406387223106
False;637546406387422810
False;637546406387622900
False;637546406387822834
False;637546406388022776
False;637546406388222824
False;637546406388422802
False;637546406388622990
False;637546406388822914
False;637546406389022874
False;637546406389223082
False;637546406389442578
False;637546406389622772
False;637546406389823086
False;637546406390022522
False;637546406390222632
False;637546406390422496
False;637546406390622444
False;637546406390822682
False;637546406391022468
False;637546406391022468
False;637546406391222618
False;637546406391422576
False;637546406391622636
False;637546406391843076
False;637546406392022778
False;637546406392222686
False;637546406392422342
False;637546406392622394
False;637546406392822628
False;637546406393045260
False;637546406393225440
False;637546406393422926
False;637546406393642436
False;637546406393825748
False;637546406394025674
False;637546406394242216
False;637546406394425710
False;637546406394625244
False;637546406394822672
False;637546406395042604
False;637546406395222762
False;637546406395422470
False;637546406395622382
False;637546406395822328
False;637546406396022330
False;637546406396222624
False;637546406396422522
False;637546406396622544
False;637546406396822720
False;637546406397022566
False;637546406397222490
False;637546406397422518
False;637546406397622426
False;637546406397822292
False;637546406398022612
False;637546406398222750
False;637546406398422494
False;637546406398622386
False;637546406398822314
False;637546406399022476
False;637546406399222482
False;637546406399422482
False;637546406399622500
False;637546406399822518
False;637546406400022584
False;637546406400222404
False;637546406400422546
False;637546406400622336
False;637546406400822490
False;637546406401022506
False;637546406401222618
False;637546406401422470
False;637546406401625076
False;637546406401822514
False;637546406402022458
False;637546406402222744
False;637546406402422628
False;637546406402622296
False;637546406402845644
False;637546406403024800
False;637546406403222712
False;637546406403422990
False;637546406403622766
False;637546406403822634
False;637546406404042630
False;637546406404240794
False;637546406404445374
False;637546406404622784
False;637546406404822714
False;637546406405022428
False;637546406405222506
False;637546406405422472
False;637546406405622480
False;637546406405822682
False;637546406406022428
False;637546406406240864
False;637546406406422724
False;637546406406622714
False;637546406406822682
False;637546406407062566
False;637546406407222840
False;637546406407422704
False;637546406407622536
False;637546406407823184
False;637546406408062982
False;637546406408222752
False;637546406408422554
False;637546406408622480
False;637546406408822768
False;637546406409022418
False;637546406409222390
False;637546406409422528
False;637546406409622380
False;637546406409822376
False;637546406410022548
False;637546406410222580
False;637546406410422488
False;637546406410622356
False;637546406410822470
False;637546406411022516
False;637546406411022516
False;637546406411022516
False;637546406411222420
False;637546406411422492
False;637546406411622624
False;637546406411822612
False;637546406412022224
False;637546406412222630
False;637546406412422544
False;637546406412622842
False;637546406412822370
False;637546406413022516
False;637546406413222696
False;637546406413422480
False;637546406413622264
False;637546406413822268
False;637546406414022282
False;637546406414222428
False;637546406414422340
False;637546406414622598
False;637546406414822658
False;637546406415022498
False;637546406415222258
False;637546406415422328
False;637546406415622272
False;637546406415822328
False;637546406416022338
False;637546406416222774
False;637546406416422402
False;637546406416622574
False;637546406416822614
False;637546406417022388
False;637546406417222670
False;637546406417422428
False;637546406417622586
False;637546406417822556
False;637546406418022494
False;637546406418222416
False;637546406418422410
False;637546406418622488
False;637546406418822572
False;637546406419022510
False;637546406419222724
False;637546406419422428
False;637546406419622638
False;637546406419822478
False;637546406420022376
False;637546406420222562
False;637546406420422518
False;637546406420622570
False;637546406420822826
False;637546406421022440
False;637546406421242104
False;637546406421422802
False;637546406421622714
False;637546406421823082
False;637546406422022830
False;637546406422222924
False;637546406422422568
False;637546406422622810
False;637546406422823070
False;637546406423022664
False;637546406423222740
False;637546406423422602
False;637546406423622644
False;637546406423822754
False;637546406424022682
False;637546406424222476
False;637546406424422622
False;637546406424622658
False;637546406424822466
False;637546406425022560
False;637546406425222582
False;637546406425422360
False;637546406425622442
False;637546406425822354
False;637546406426022450
False;637546406426222586
False;637546406426422390
False;637546406426622240
False;637546406426822698
False;637546406427022476
False;637546406427222624
False;637546406427422722
False;637546406427622444
False;637546406427822416
False;637546406428022504
False;637546406428222506
False;637546406428422532
False;637546406428622550
False;637546406428822730
False;637546406429022446
False;637546406429222466
False;637546406429422528
False;637546406429622584
False;637546406429822366
False;637546406430022452
False;637546406430222352
False;637546406430422352
False;637546406430622280
False;637546406430822386
False;637546406431022522
False;637546406431022522
False;637546406431222530
False;637546406431422510
False;637546406431622636
False;637546406431822558
False;637546406432042596
False;637546406432245786
False;637546406432422550
False;637546406432622440
False;637546406432822760
False;637546406433025338
False;637546406433222322
False;637546406433422542
False;637546406433622494
False;637546406433822362
False;637546406434022350
False;637546406434222656
False;637546406434422340
False;637546406434622648
False;637546406434822578
False;637546406435022492
False;637546406435222664
False;637546406435422516
False;637546406435622208
False;637546406435822606
False;637546406436022508
False;637546406436222186
False;637546406436422496
False;637546406436622530
False;637546406436822484
False;637546406437025562
False;637546406437223014
False;637546406437422586
False;637546406437622556
False;637546406437822508
False;637546406438022430
False;637546406438222610
False;637546406438422534
False;637546406438622810
False;637546406438822732
False;637546406439022464
False;637546406439222378
False;637546406439422734
False;637546406439622554
False;637546406439822506
False;637546406440022564
False;637546406440222694
False;637546406440422524
False;637546406440622346
False;637546406440822694
False;637546406441022592
False;637546406441222914
False;637546406441422520
False;637546406441622456
False;637546406441822560
False;637546406442022374
False;637546406442240754
False;637546406442422556
False;637546406442622296
False;637546406442822562
False;637546406443045430
False;637546406443223328
False;637546406443422596
False;637546406443622784
False;637546406443822580
False;637546406444022468
False;637546406444263118
False;637546406444422446
False;637546406444622414
False;637546406444825094
False;637546406445025130
False;637546406445225176
False;637546406445425182
False;637546406445625090
False;637546406445822504
False;637546406446022636
False;637546406446222778
False;637546406446422400
False;637546406446622636
False;637546406446822608
False;637546406447022574
False;637546406447222686
False;637546406447422564
False;637546406447622516
False;637546406447822574
False;637546406448022518
False;637546406448222596
False;637546406448422664
False;637546406448622442
False;637546406448822494
False;637546406449022484
False;637546406449222624
False;637546406449422428
False;637546406449622708
False;637546406449822312
False;637546406450022416
False;637546406450222648
False;637546406450422638
False;637546406450622534
False;637546406450822708
False;637546406451022468
False;637546406451222656
False;637546406451423130
False;637546406451622680
False;637546406451822514
False;637546406452022778
False;637546406452222676
False;637546406452422554
False;637546406452622784
False;637546406452825280
False;637546406453045494
False;637546406453223028
False;637546406453422766
False;637546406453622894
False;637546406453822794
False;637546406454022730
False;637546406454225796
False;637546406454462874
False;637546406454623146
False;637546406454822912
False;637546406455022984
False;637546406455222958
False;637546406455423034
False;637546406455622938
False;637546406455822840
False;637546406456022826
False;637546406456223096
False;637546406456422914
False;637546406456623160
False;637546406456823226
False;637546406457045074
False;637546406457240720
False;637546406457423298
False;637546406457624754
False;637546406457823144
False;637546406458060894
False;637546406458223162
False;637546406458422888
False;637546406458623188
False;637546406458822916
False;637546406459022880
False;637546406459223104
False;637546406459422602
False;637546406459622546
False;637546406459822530
False;637546406460022544
False;637546406460222340
False;637546406460422570
False;637546406460622706
False;637546406460822572
False;637546406461025210
False;637546406461242964
False;637546406461422492
False;637546406461622858
False;637546406461822494
False;637546406462022446
False;637546406462222666
False;637546406462422350
False;637546406462622342
False;637546406462822676
False;637546406463022430
False;637546406463222516
False;637546406463422544
False;637546406463622466
False;637546406463822542
False;637546406464022502
False;637546406464222714
False;637546406464422548
False;637546406464623210
False;637546406464822466
False;637546406465022482
False;637546406465222648
False;637546406465422502
False;637546406465622348
False;637546406465822598
False;637546406466022504
False;637546406466222508
False;637546406466422612
False;637546406466622812
False;637546406466822652
False;637546406467022596
False;637546406467222816
False;637546406467422506
False;637546406467622804
False;637546406467822608
False;637546406468022470
False;637546406468222758
False;637546406468422480
False;637546406468622408
False;637546406468822660
False;637546406469022362
False;637546406469222262
False;637546406469422554
False;637546406469622434
False;637546406469822506
False;637546406470022630
False;637546406470222722
False;637546406470422440
False;637546406470622684
False;637546406470822854
False;637546406471022386
False;637546406471222672
False;637546406471422324
False;637546406471622402
False;637546406471822738
False;637546406472022330
False;637546406472222484
False;637546406472443382
False;637546406472642700
False;637546406472822714
False;637546406473022726
False;637546406473222766
False;637546406473422646
False;637546406473622628
False;637546406473822548
False;637546406474022596
False;637546406474222856
False;637546406474422696
False;637546406474622840
False;637546406474822854
False;637546406475022680
False;637546406475222620
False;637546406475422714
False;637546406475622478
False;637546406475822486
False;637546406476022702
False;637546406476222840
False;637546406476422644
False;637546406476622708
False;637546406476822614
False;637546406477022698
False;637546406477222612
False;637546406477422866
False;637546406477622480
False;637546406477822854
False;637546406478022716
False;637546406478222506
False;637546406478422746
False;637546406478622714
False;637546406478822622
False;637546406479022810
False;637546406479222714
False;637546406479422686
False;637546406479622726
False;637546406479842682
False;637546406480045354
False;637546406480222838
False;637546406480422532
False;637546406480622494
False;637546406480822650
False;637546406481022522
False;637546406481222188
False;637546406481422694
False;637546406481622340
False;637546406481822472
False;637546406482043292
False;637546406482262902
False;637546406482422548
False;637546406482622536
False;637546406482822724
False;637546406483022862
False;637546406483222600
False;637546406483422430
False;637546406483622318
False;637546406483822772
False;637546406484022700
False;637546406484224820
False;637546406484422632
False;637546406484622564
False;637546406484822700
False;637546406485022736
False;637546406485222842
False;637546406485422592
False;637546406485622814
False;637546406485822638
False;637546406486022608
False;637546406486222784
False;637546406486422660
False;637546406486622670
False;637546406486822804
False;637546406487022670
False;637546406487222932
False;637546406487422760
False;637546406487622638
False;637546406487822544
False;637546406488022826
False;637546406488223184
False;637546406488422592
False;637546406488625292
False;637546406488822938
False;637546406489022890
False;637546406489225296
False;637546406489422958
False;637546406489622746
False;637546406489822612
False;637546406490022506
False;637546406490222612
False;637546406490422790
False;637546406490622608
False;637546406490822644
False;637546406491022644
False;637546406491222898
False;637546406491422604
False;637546406491622636
False;637546406491822596
False;637546406492022596
False;637546406492223148
False;637546406492422740
False;637546406492622482
False;637546406492822848
False;637546406493043298
False;637546406493223316
False;637546406493422598
False;637546406493622560
False;637546406493822486
False;637546406494022530
False;637546406494222584
False;637546406494422514
False;637546406494622784
False;637546406494822592
False;637546406495022474
False;637546406495222704
False;637546406495422462
False;637546406495622628
False;637546406495825116
False;637546406496025002
False;637546406496225302
False;637546406496425216
False;637546406496645256
False;637546406496822564
False;637546406497022474
False;637546406497222696
False;637546406497422428
False;637546406497622762
False;637546406497822452
False;637546406498022618
False;637546406498222720
False;637546406498422606
False;637546406498622580
False;637546406498822830
False;637546406499022522
False;637546406499222444
False;637546406499422586
False;637546406499622546
False;637546406499822448
False;637546406500022734
False;637546406500222800
False;637546406500422736
False;637546406500622714
False;637546406500822684
False;637546406501022558
False;637546406501222784
False;637546406501422778
False;637546406501622502
False;637546406501822812
False;637546406502022632
False;637546406502222548
False;637546406502424738
False;637546406502622706
False;637546406502824914
False;637546406503059912
False;637546406503222688
False;637546406503422722
False;637546406503622480
False;637546406503822476
False;637546406504022412
False;637546406504245856
False;637546406504445818
False;637546406504622790
False;637546406504822790
False;637546406505022404
False;637546406505222366
False;637546406505422608
False;637546406505622392
False;637546406505822386
False;637546406506022572
False;637546406506242300
False;637546406506422542
False;637546406506622786
False;637546406506822670
False;637546406507045136
False;637546406507240468
False;637546406507423136
False;637546406507623250
False;637546406507823386
False;637546406508045456
False;637546406508222570
False;637546406508422442
False;637546406508622522
False;637546406508822720
False;637546406509022570
False;637546406509222402
False;637546406509422476
False;637546406509622710
False;637546406509822444
False;637546406510022362
False;637546406510222210
False;637546406510422482
False;637546406510622394
False;637546406510822694
False;637546406511022430
False;637546406511222336
False;637546406511422720
False;637546406511622670
False;637546406511822540
False;637546406512022700
False;637546406512222700
False;637546406512422518
False;637546406512623178
False;637546406512822778
False;637546406513022644
False;637546406513222784
False;637546406513422518
False;637546406513622690
False;637546406513822756
False;637546406514022520
False;637546406514222510
False;637546406514422698
False;637546406514622574
False;637546406514822548
False;637546406515022630
False;637546406515222612
False;637546406515422500
False;637546406515622570
False;637546406515822490
False;637546406516022428
False;637546406516222568
False;637546406516422382
False;637546406516622370
False;637546406516822698
False;637546406517022362
False;637546406517222752
False;637546406517422462
False;637546406517622506
False;637546406517822544
False;637546406518022528
False;637546406518222682
False;637546406518422442
False;637546406518622558
False;637546406518822494
False;637546406519022362
False;637546406519222720
False;637546406519422434
False;637546406519622516
False;637546406519822560
False;637546406520022338
False;637546406520222394
False;637546406520422506
False;637546406520622348
False;637546406520822602
False;637546406521022490
False;637546406521245114
False;637546406521422952
False;637546406521623258
False;637546406521823234
False;637546406522022876
False;637546406522223138
False;637546406522422958
False;637546406522622916
False;637546406522824852
False;637546406523022950
False;637546406523223316
False;637546406523423058
False;637546406523622926
False;637546406523822786
False;637546406524023054
False;637546406524243258
False;637546406524422752
False;637546406524623014
False;637546406524822890
False;637546406525022624
False;637546406525223124
False;637546406525422814
False;637546406525622824
False;637546406525822966
False;637546406526022708
False;637546406526222710
False;637546406526422852
False;637546406526622772
False;637546406526822848
False;637546406527022892
False;637546406527223096
False;637546406527422774
False;637546406527622912
False;637546406527822788
False;637546406528022738
False;637546406528223104
False;637546406528422834
False;637546406528622758
False;637546406528822918
False;637546406529022612
False;637546406529222700
False;637546406529422856
False;637546406529622894
False;637546406529822530
False;637546406530022900
False;637546406530222778
False;637546406530422618
False;637546406530622794
False;637546406530822480
False;637546406531022748
False;637546406531222914
False;637546406531422598
False;637546406531622708
False;637546406531822772
False;637546406532042822
False;637546406532262726
False;637546406532422660
False;637546406532622414
False;637546406532822432
False;637546406533022452
False;637546406533222708
False;637546406533422524
False;637546406533622598
False;637546406533822436
False;637546406534022496
False;637546406534222688
False;637546406534422446
False;637546406534622660
False;637546406534822686
False;637546406535022522
False;637546406535222490
False;637546406535422378
False;637546406535622376
False;637546406535822392
False;637546406536022446
False;637546406536222662
False;637546406536422442
False;637546406536622696
False;637546406536822574
False;637546406537022442
False;637546406537222924
False;637546406537422586
False;637546406537640794
False;637546406537822582
False;637546406538022388
False;637546406538222644
False;637546406538422626
False;637546406538625544
False;637546406538822618
False;637546406539022490
False;637546406539222520
False;637546406539422370
False;637546406539622604
False;637546406539822442
False;637546406540022390
False;637546406540222660
False;637546406540422378
False;637546406540622542
False;637546406540822638
False;637546406541022386
False;637546406541222742
False;637546406541422572
False;637546406541622400
False;637546406541822520
False;637546406542022564
False;637546406542223120
False;637546406542422478
False;637546406542622592
False;637546406542822692
False;637546406543025184
False;637546406543245240
False;637546406543422880
False;637546406543622664
False;637546406543822926
False;637546406544022606
False;637546406544262794
False;637546406544422410
False;637546406544622416
False;637546406544822366
False;637546406545022454
False;637546406545222620
False;637546406545422542
False;637546406545622454
False;637546406545822392
False;637546406546022420
False;637546406546222554
False;637546406546422548
False;637546406546622326
False;637546406546825184
False;637546406547025184
False;637546406547225166
False;637546406547425178
False;637546406547625056
False;637546406547822998
False;637546406548022824
False;637546406548222780
False;637546406548422644
False;637546406548622702
False;637546406548822732
False;637546406549022682
False;637546406549222796
False;637546406549422532
False;637546406549622634
False;637546406549822648
False;637546406550022564
False;637546406550222582
False;637546406550423384
False;637546406550622356
False;637546406550822668
False;637546406551022608
False;637546406551222822
False;637546406551422708
False;637546406551622400
False;637546406551822646
False;637546406552022726
False;637546406552222622
False;637546406552422612
False;637546406552622582
False;637546406552825268
False;637546406553045824
False;637546406553223060
False;637546406553422796
False;637546406553622900
False;637546406553822918
False;637546406554022916
False;637546406554223216
False;637546406554462774
False;637546406554622746
False;637546406554822640
False;637546406555022462
False;637546406555222642
False;637546406555422478
False;637546406555622506
False;637546406555822424
False;637546406556022400
False;637546406556222222
False;637546406556422606
False;637546406556622324
False;637546406556822736
False;637546406557045546
False;637546406557263022
False;637546406557422544
False;637546406557622642
False;637546406557822546
False;637546406558043212
False;637546406558222768
False;637546406558422490
False;637546406558622554
False;637546406558822746
False;637546406559022352
False;637546406559222314
False;637546406559422330
False;637546406559622752
False;637546406559822492
False;637546406560022560
False;637546406560222726
False;637546406560422348
False;637546406560622938
False;637546406560822554
False;637546406561022372
False;637546406561242440
False;637546406561422642
False;637546406561622496
False;637546406561822594
False;637546406562022760
False;637546406562222784
False;637546406562422672
False;637546406562622368
False;637546406562822638
False;637546406563022702
False;637546406563222720
False;637546406563422570
False;637546406563622620
False;637546406563822432
False;637546406564022608
False;637546406564245482
False;637546406564422242
False;637546406564622540
False;637546406564822406
False;637546406565022274
False;637546406565222284
False;637546406565422360
False;637546406565622406
False;637546406565822300
False;637546406566022366
False;637546406566222580
False;637546406566422364
False;637546406566622710
False;637546406566822646
False;637546406567022326
False;637546406567222620
False;637546406567422464
False;637546406567622246
False;637546406567822524
False;637546406568022218
False;637546406568222498
False;637546406568422534
False;637546406568622394
False;637546406568822520
False;637546406569022482
False;637546406569222670
False;637546406569422476
False;637546406569622678
False;637546406569822778
False;637546406570022464
False;637546406570222688
False;637546406570422366
False;637546406570622434
False;637546406570822932
False;637546406571022480
